<?xml version="1.0" encoding="UTF-8"?>
<!-- Generated by org.testng.reporters.JUnitXMLReporter -->
<testsuite ignored="1" hostname="ArunMotoori" failures="13" tests="82" name="Surefire test" time="952.485" errors="0" timestamp="2025-04-05T11:49:40 IST">
  <testcase classname="tests.LoginTest" name="verifyLoggingIntoApplicationUsingValidCredentails" time="9.904"/>
  <testcase classname="tests.LoginTest" name="verifyLoggingIntoApplicationUsingInvalidCredentials" time="2.103"/>
  <testcase classname="tests.LoginTest" name="verifyLoggingIntoApplicationUsingInvalidEmailAndValidPassword" time="1.879"/>
  <testcase classname="tests.LoginTest" name="verifyLoggingIntoApplicationUsingValidEmailAndInvalidPassword" time="1.864"/>
  <testcase classname="tests.LoginTest" name="verifyLoggingIntoApplicationWithoutProvidingAnyCredentials" time="1.459"/>
  <testcase classname="tests.LoginTest" name="verifyForgottenPasswordOptionIsAvailable" time="0.811"/>
  <testcase classname="tests.LoginTest" name="verifyLoggingIntoApplicationUsingKeyboardKeys" time="9.915"/>
  <testcase classname="tests.LoginTest" name="verifyPlaceHoldersOfFieldsInLoginPage" time="0.15"/>
  <testcase classname="tests.LoginTest" name="verifyBrowsingBackAfterLogin" time="10.559"/>
  <testcase classname="tests.LoginTest" name="verifyBrowsingBackAfterLogout" time="11.506"/>
  <testcase classname="tests.LoginTest" name="verifyLoggingIntoApplicationUsingInactiveCredentials" time="1.938"/>
  <testcase classname="tests.LoginTest" name="verifyNumberOfUnsuccessfulLoginAttemps" time="10.111"/>
  <testcase classname="tests.LoginTest" name="verifyLoginPasswordFieldForVisibility" time="0.041"/>
  <testcase classname="tests.LoginTest" name="verifyCopyingOfTextEnteredIntoPasswordField" time="1.676"/>
  <testcase classname="tests.LoginTest" name="verifyPasswordIsNotVisibleInPageSource" time="1.706">
    <failure type="java.lang.AssertionError" message="expected [false] but found [true]">
      <![CDATA[java.lang.AssertionError: expected [false] but found [true]
at tests.LoginTest.verifyPasswordIsNotVisibleInPageSource(LoginTest.java:210)
at java.base/java.util.ArrayList.forEach(ArrayList.java:1511)
... Removed 36 stack frames]]>
    </failure>
  </testcase> <!-- verifyPasswordIsNotVisibleInPageSource -->
  <testcase classname="tests.LoginTest" name="verifyLoggingIntoApplicationUsingChangedPassword" time="4.898">
    <failure type="org.openqa.selenium.NoSuchElementException" message="no such element: Unable to locate element: {&amp;quot;method&amp;quot;:&amp;quot;link text&amp;quot;,&amp;quot;selector&amp;quot;:&amp;quot;Change your password&amp;quot;}
  (Session info: chrome=134.0.6998.178)
For documentation on this error, please visit: https://www.selenium.dev/documentation/webdriver/troubleshooting/errors#no-such-element-exception
Build info: version: &amp;apos;4.27.0&amp;apos;, revision: &amp;apos;d6e718d134&amp;apos;
System info: os.name: &amp;apos;Windows 11&amp;apos;, os.arch: &amp;apos;amd64&amp;apos;, os.version: &amp;apos;10.0&amp;apos;, java.version: &amp;apos;17.0.14&amp;apos;
Driver info: org.openqa.selenium.chrome.ChromeDriver
Command: [dc314a96fa3787751f8ceed6c625cef2, findElement {using=link text, value=Change your password}]
Capabilities {acceptInsecureCerts: false, browserName: chrome, browserVersion: 134.0.6998.178, chrome: {chromedriverVersion: 134.0.6998.165 (fd886e2cb29..., userDataDir: C:\Users\arunm\AppData\Loca...}, fedcm:accounts: true, goog:chromeOptions: {debuggerAddress: localhost:55284}, networkConnectionEnabled: false, pageLoadStrategy: normal, platformName: windows, proxy: Proxy(), se:cdp: ws://localhost:55284/devtoo..., se:cdpVersion: 134.0.6998.178, setWindowRect: true, strictFileInteractability: false, timeouts: {implicit: 0, pageLoad: 300000, script: 30000}, unhandledPromptBehavior: dismiss and notify, webauthn:extension:credBlob: true, webauthn:extension:largeBlob: true, webauthn:extension:minPinLength: true, webauthn:extension:prf: true, webauthn:virtualAuthenticators: true}
Session ID: dc314a96fa3787751f8ceed6c625cef2">
      <![CDATA[org.openqa.selenium.NoSuchElementException: no such element: Unable to locate element: {"method":"link text","selector":"Change your password"}
  (Session info: chrome=134.0.6998.178)
For documentation on this error, please visit: https://www.selenium.dev/documentation/webdriver/troubleshooting/errors#no-such-element-exception
Build info: version: '4.27.0', revision: 'd6e718d134'
System info: os.name: 'Windows 11', os.arch: 'amd64', os.version: '10.0', java.version: '17.0.14'
Driver info: org.openqa.selenium.chrome.ChromeDriver
Command: [dc314a96fa3787751f8ceed6c625cef2, findElement {using=link text, value=Change your password}]
Capabilities {acceptInsecureCerts: false, browserName: chrome, browserVersion: 134.0.6998.178, chrome: {chromedriverVersion: 134.0.6998.165 (fd886e2cb29..., userDataDir: C:\Users\arunm\AppData\Loca...}, fedcm:accounts: true, goog:chromeOptions: {debuggerAddress: localhost:55284}, networkConnectionEnabled: false, pageLoadStrategy: normal, platformName: windows, proxy: Proxy(), se:cdp: ws://localhost:55284/devtoo..., se:cdpVersion: 134.0.6998.178, setWindowRect: true, strictFileInteractability: false, timeouts: {implicit: 0, pageLoad: 300000, script: 30000}, unhandledPromptBehavior: dismiss and notify, webauthn:extension:credBlob: true, webauthn:extension:largeBlob: true, webauthn:extension:minPinLength: true, webauthn:extension:prf: true, webauthn:virtualAuthenticators: true}
Session ID: dc314a96fa3787751f8ceed6c625cef2
at org.openqa.selenium.remote.ErrorCodec.decode(ErrorCodec.java:167)
at org.openqa.selenium.remote.codec.w3c.W3CHttpResponseCodec.decode(W3CHttpResponseCodec.java:138)
at org.openqa.selenium.remote.codec.w3c.W3CHttpResponseCodec.decode(W3CHttpResponseCodec.java:50)
at org.openqa.selenium.remote.HttpCommandExecutor.execute(HttpCommandExecutor.java:190)
at org.openqa.selenium.remote.service.DriverCommandExecutor.invokeExecute(DriverCommandExecutor.java:216)
at org.openqa.selenium.remote.service.DriverCommandExecutor.execute(DriverCommandExecutor.java:174)
at org.openqa.selenium.remote.RemoteWebDriver.execute(RemoteWebDriver.java:545)
at org.openqa.selenium.remote.ElementLocation$ElementFinder$2.findElement(ElementLocation.java:165)
at org.openqa.selenium.remote.ElementLocation.findElement(ElementLocation.java:59)
at org.openqa.selenium.remote.RemoteWebDriver.findElement(RemoteWebDriver.java:368)
at org.openqa.selenium.remote.RemoteWebDriver.findElement(RemoteWebDriver.java:362)
at org.openqa.selenium.support.pagefactory.DefaultElementLocator.findElement(DefaultElementLocator.java:68)
at org.openqa.selenium.support.pagefactory.internal.LocatingElementHandler.invoke(LocatingElementHandler.java:38)
at jdk.proxy2/jdk.proxy2.$Proxy10.isDisplayed(Unknown Source)
at utils.ElementUtilities.isElementDisplayedOnPage(ElementUtilities.java:126)
at utils.ElementUtilities.clickOnElement(ElementUtilities.java:85)
at pages.MyAccountPage.clickOnChangeYourPasswordOption(MyAccountPage.java:128)
at tests.LoginTest.verifyLoggingIntoApplicationUsingChangedPassword(LoginTest.java:219)
at java.base/java.util.ArrayList.forEach(ArrayList.java:1511)
... Removed 37 stack frames]]>
    </failure>
  </testcase> <!-- verifyLoggingIntoApplicationUsingChangedPassword -->
  <testcase classname="tests.LoginTest" name="verifyLoginPageNavigations" time="42.007"/>
  <testcase classname="tests.LoginTest" name="verifyDifferrentWaysOfNavigatingToLoginPage" time="2.642"/>
  <testcase classname="tests.LoginTest" name="verifyLoginPageBreadcrumbURLTitleHeading" time="0.318"/>
  <testcase classname="tests.LoginTest" name="verifyLoginPageUI" time="0.718"/>
  <testcase classname="tests.LoginTest" name="verifyLoginInAllEnvironments" time="8.629"/>
  <testcase classname="tests.LogoutTest" name="verifyLoggingOutUsingMyAccountLogoutOption" time="7.881"/>
  <testcase classname="tests.LogoutTest" name="verifyLoggingOutUsingRightColumnLogoutOption" time="7.145"/>
  <testcase classname="tests.LogoutTest" name="verifyLoggingOutAndBrowsingBack" time="7.537"/>
  <testcase classname="tests.LogoutTest" name="verifyNoLogoutOptionBeforeLoginInMyAccountDropMenu" time="3.312"/>
  <testcase classname="tests.LogoutTest" name="verifyNoLogoutOptionBeforeLoginInRightColumnOptions" time="4.243"/>
  <testcase classname="tests.LogoutTest" name="verifyLoginImmediatleyAfterLogout" time="13.532"/>
  <testcase classname="tests.LogoutTest" name="verifyBreadcrumbTitleURLAndHeadingOfAccountLogoutPage" time="6.482"/>
  <testcase classname="tests.LogoutTest" name="verifyLogoutUI" time="7.473"/>
  <testcase classname="tests.LogoutTest" name="verifyLogoutInAllSupportedEnvironments" time="7.225"/>
  <testcase classname="tests.RegisterTest" name="verifyRegisteringAccountUsingMandatoryFields" time="5.112"/>
  <testcase classname="tests.RegisterTest" name="verifyThankYourConfirmationEmailOnSuccessfulRegistration" time="9.905"/>
  <testcase classname="tests.RegisterTest" name="verifyRegistringAccountUsingAllFields" time="6.237"/>
  <testcase classname="tests.RegisterTest" name="verifyWarningMessageOfMandatoryFieldsInRegisterAccountPage" time="1.266"/>
  <testcase classname="tests.RegisterTest" name="verifyRegisteringAccountBySubscribingToNewsletter" time="5.584"/>
  <testcase classname="tests.RegisterTest" name="verifyRegisteringAccountByNotSubscribingToNewsletter" time="5.453"/>
  <testcase classname="tests.RegisterTest" name="verifyDifferentWaysOfNavigatingToRegisterAccountPage" time="3.614"/>
  <testcase classname="tests.RegisterTest" name="verifyRegisteringAccountByProvidingMismatchedPasswords" time="3.879"/>
  <testcase classname="tests.RegisterTest" name="verifyRegisterAccountWithExistingEmailAddress" time="4.12"/>
  <testcase classname="tests.RegisterTest" name="verifyRegisteringAccountUsingInvalidEmail" time="7.731"/>
  <testcase classname="tests.RegisterTest" name="verifyRegisteringAccountUsingInvalidTelephoneNumber" time="7.04">
    <failure type="java.lang.AssertionError" message="expected [true] but found [false]">
      <![CDATA[java.lang.AssertionError: expected [true] but found [false]
at tests.RegisterTest.verifyRegisteringAccountUsingInvalidTelephoneNumber(RegisterTest.java:373)
at java.base/java.util.ArrayList.forEach(ArrayList.java:1511)
... Removed 36 stack frames]]>
    </failure>
  </testcase> <!-- verifyRegisteringAccountUsingInvalidTelephoneNumber -->
  <testcase classname="tests.RegisterTest" name="verifyRegisteringAccountUsingKeyboardKeys" time="2.8"/>
  <testcase classname="tests.RegisterTest" name="verifyRegisterAccountPagePlaceholders" time="0.191"/>
  <testcase classname="tests.RegisterTest" name="verifyMandatoryFieldsInRegisterAccountPage" time="0.474">
    <failure type="java.lang.AssertionError" message="expected [&amp;quot;* &amp;quot;] but found [none]">
      <![CDATA[java.lang.AssertionError: expected ["* "] but found [none]
at tests.RegisterTest.verifyMandatoryFieldsInRegisterAccountPage(RegisterTest.java:475)
at java.base/java.util.ArrayList.forEach(ArrayList.java:1511)
... Removed 38 stack frames]]>
    </failure>
  </testcase> <!-- verifyMandatoryFieldsInRegisterAccountPage -->
  <testcase classname="tests.RegisterTest" name="verifyRegisteringAccountByEnteringOnlySpaces" time="6.356">
    <failure type="java.lang.AssertionError" message="expected [Telephone does not appear to be valid!] but found []">
      <![CDATA[java.lang.AssertionError: expected [Telephone does not appear to be valid!] but found []
at tests.RegisterTest.verifyRegisteringAccountByEnteringOnlySpaces(RegisterTest.java:576)
at java.base/java.util.ArrayList.forEach(ArrayList.java:1511)
... Removed 38 stack frames]]>
    </failure>
  </testcase> <!-- verifyRegisteringAccountByEnteringOnlySpaces -->
  <testcase classname="tests.RegisterTest" name="verifyRegisteringAccountUsingPasswordsWhichAreNotFollowingPasswordComplexityStandards" time="6.936">
    <failure type="java.lang.AssertionError" message="expected [true] but found [false]">
      <![CDATA[java.lang.AssertionError: expected [true] but found [false]
at tests.RegisterTest.verifyRegisteringAccountUsingPasswordsWhichAreNotFollowingPasswordComplexityStandards(RegisterTest.java:608)
at java.base/java.util.ArrayList.forEach(ArrayList.java:1511)
... Removed 36 stack frames]]>
    </failure>
  </testcase> <!-- verifyRegisteringAccountUsingPasswordsWhichAreNotFollowingPasswordComplexityStandards -->
  <testcase classname="tests.RegisterTest" name="verifyRegisteringAccountUsingPasswordsWhichAreNotFollowingPasswordComplexityStandards" time="7.166">
    <failure type="java.lang.AssertionError" message="expected [true] but found [false]">
      <![CDATA[java.lang.AssertionError: expected [true] but found [false]
at tests.RegisterTest.verifyRegisteringAccountUsingPasswordsWhichAreNotFollowingPasswordComplexityStandards(RegisterTest.java:608)
at java.base/java.util.ArrayList.forEach(ArrayList.java:1511)
... Removed 36 stack frames]]>
    </failure>
  </testcase> <!-- verifyRegisteringAccountUsingPasswordsWhichAreNotFollowingPasswordComplexityStandards -->
  <testcase classname="tests.RegisterTest" name="verifyRegisteringAccountUsingPasswordsWhichAreNotFollowingPasswordComplexityStandards" time="5.312">
    <failure type="java.lang.AssertionError" message="expected [true] but found [false]">
      <![CDATA[java.lang.AssertionError: expected [true] but found [false]
at tests.RegisterTest.verifyRegisteringAccountUsingPasswordsWhichAreNotFollowingPasswordComplexityStandards(RegisterTest.java:608)
at java.base/java.util.ArrayList.forEach(ArrayList.java:1511)
... Removed 36 stack frames]]>
    </failure>
  </testcase> <!-- verifyRegisteringAccountUsingPasswordsWhichAreNotFollowingPasswordComplexityStandards -->
  <testcase classname="tests.RegisterTest" name="verifyRegisteringAccountUsingPasswordsWhichAreNotFollowingPasswordComplexityStandards" time="6.43">
    <failure type="java.lang.AssertionError" message="expected [true] but found [false]">
      <![CDATA[java.lang.AssertionError: expected [true] but found [false]
at tests.RegisterTest.verifyRegisteringAccountUsingPasswordsWhichAreNotFollowingPasswordComplexityStandards(RegisterTest.java:608)
at java.base/java.util.ArrayList.forEach(ArrayList.java:1511)
... Removed 36 stack frames]]>
    </failure>
  </testcase> <!-- verifyRegisteringAccountUsingPasswordsWhichAreNotFollowingPasswordComplexityStandards -->
  <testcase classname="tests.RegisterTest" name="verifyRegisteringAccountUsingPasswordsWhichAreNotFollowingPasswordComplexityStandards" time="7.143">
    <failure type="java.lang.AssertionError" message="expected [true] but found [false]">
      <![CDATA[java.lang.AssertionError: expected [true] but found [false]
at tests.RegisterTest.verifyRegisteringAccountUsingPasswordsWhichAreNotFollowingPasswordComplexityStandards(RegisterTest.java:608)
at java.base/java.util.ArrayList.forEach(ArrayList.java:1511)
... Removed 36 stack frames]]>
    </failure>
  </testcase> <!-- verifyRegisteringAccountUsingPasswordsWhichAreNotFollowingPasswordComplexityStandards -->
  <testcase classname="tests.RegisterTest" name="verifyHeightWidthNumberOfCharacters" time="56.012">
    <failure type="java.lang.AssertionError" message="expected [true] but found [false]">
      <![CDATA[java.lang.AssertionError: expected [true] but found [false]
at tests.RegisterTest.verifyHeightWidthNumberOfCharacters(RegisterTest.java:781)
at java.base/java.util.ArrayList.forEach(ArrayList.java:1511)
... Removed 36 stack frames]]>
    </failure>
  </testcase> <!-- verifyHeightWidthNumberOfCharacters -->
  <testcase classname="tests.RegisterTest" name="verifyRegisterAccountUsingLeadingAndTrailingSpaces" time="6.432">
    <failure type="java.lang.AssertionError" message="The following asserts failed:
	expected [Arun] but found [     Arun     ],
	expected [Motoori] but found [     Motoori     ],
	expected [1234567890] but found [     1234567890     ]">
      <![CDATA[java.lang.AssertionError: The following asserts failed:
expected [Arun] but found [     Arun     ],
expected [Motoori] but found [     Motoori     ],
expected [1234567890] but found [     1234567890     ]
at tests.RegisterTest.verifyRegisterAccountUsingLeadingAndTrailingSpaces(RegisterTest.java:831)
at java.base/java.util.ArrayList.forEach(ArrayList.java:1511)
... Removed 34 stack frames]]>
    </failure>
  </testcase> <!-- verifyRegisterAccountUsingLeadingAndTrailingSpaces -->
  <testcase classname="tests.RegisterTest" name="verifyRegisterAccountPrivacyPolicyField" time="0.118"/>
  <testcase classname="tests.RegisterTest" name="verifyRegisteringAccountWithoutSelectingPrivacyPolicyCheckboxField" time="3.174"/>
  <testcase classname="tests.RegisterTest" name="verifyRegisteringAccountPasswordFieldsForSecurity" time="0.064"/>
  <testcase classname="tests.RegisterTest" name="verifyRegisterAccountPageNavigations" time="41.173"/>
  <testcase classname="tests.RegisterTest" name="verifyRegisteringAccountWithoutEnteringConfirmationPassword" time="3.383"/>
  <testcase classname="tests.RegisterTest" name="verifyRegisterAccountPageBreadcrumbURLTitleHeading" time="0.17"/>
  <testcase classname="tests.RegisterTest" name="verifyRegisterAccountUI" time="0.52"/>
  <testcase classname="tests.RegisterTest" name="verifyRegisterAccountInAllEnvironments" time="4.218"/>
  <testcase classname="tests.SearchTest" name="verifySearchWithAnExistingProduct" time="1.254"/>
  <testcase classname="tests.SearchTest" name="verifySearchWithANonExistingProduct" time="1.159"/>
  <testcase classname="tests.SearchTest" name="verifySearchWithoutEnterAnyProduct" time="0.777"/>
  <testcase classname="tests.SearchTest" name="verifyProductSearchAfterLogin" time="3.171"/>
  <testcase classname="tests.SearchTest" name="verifyProductSeachResultingMultipleProducts" time="1.151"/>
  <testcase classname="tests.SearchTest" name="verifySearchFunctionalityFielsPlaceHolders" time="0.752"/>
  <testcase classname="tests.SearchTest" name="verifySearchFunctionalityUsingSearchCriteriaField" time="2.087"/>
  <testcase classname="tests.SearchTest" name="verifySearchUsingTextInProductDescription" time="2.012"/>
  <testcase classname="tests.SearchTest" name="verifySearchBySelectingTheCategory" time="2.945"/>
  <testcase classname="tests.SearchTest" name="verifySearchBySelectingToSearchInSubCategories" time="2.805"/>
  <testcase classname="tests.SearchTest" name="verifyListAndGridViewsInSearchResultsPageHavingOneProduct" time="12.54"/>
  <testcase classname="tests.SearchTest" name="verifyListAndGridViewsWhenMultipleProductsAreDisplayed" time="1.687"/>
  <testcase classname="tests.SearchTest" name="verifyNavigationToProductComparisonPageFromSearchResultsPage" time="1.635"/>
  <testcase classname="tests.SearchTest" name="verifyAllSortingOptionsInSearchResultsPage" time="1.472"/>
  <testcase classname="tests.SearchTest" name="verifyShowProductsByLimitingCount" time="1.251">
    <failure type="java.lang.AssertionError" message="expected [true] but found [false]">
      <![CDATA[java.lang.AssertionError: expected [true] but found [false]
at tests.SearchTest.verifyShowProductsByLimitingCount(SearchTest.java:236)
at java.base/java.util.ArrayList.forEach(ArrayList.java:1511)
... Removed 36 stack frames]]>
    </failure>
  </testcase> <!-- verifyShowProductsByLimitingCount -->
  <testcase classname="tests.SearchTest" name="verifyDisplayingOfSearchFieldAndSearchButtonOnAllPagesOfTheApplication" time="59.04"/>
  <testcase classname="tests.SearchTest" name="verifyNavigatingToSearchPageFromSiteMapPage" time="1.195"/>
  <testcase classname="tests.SearchTest" name="verifyBreadcrumbOptionInSearchResultsPage" time="1.402"/>
  <testcase classname="tests.SearchTest" name="verifyUsingAllOptionsOnSearchResultsPageUsingKeyboardKeys" time="7.608"/>
  <testcase classname="tests.SearchTest" name="verifySearchPageHeadingTitleURL" time="0.599"/>
  <testcase classname="tests.SearchTest" name="verifySearchPageUI" time="0.84"/>
  <testcase classname="tests.SearchTest" name="verifySearchFunctionalityInAllEnvironments" time="1.153"/>
  <testcase classname="tests.RegisterTest" name="verifyDataBaseTestingForRegisterAccount" time="0.0">
    <ignored/>
  </testcase> <!-- verifyDataBaseTestingForRegisterAccount -->
</testsuite> <!-- Surefire test -->
