<?xml version="1.0" encoding="UTF-8"?>
<!-- Generated by org.testng.reporters.JUnitXMLReporter -->
<testsuite ignored="1" hostname="ArunMotoori" failures="13" tests="82" name="Test" time="987.758" errors="0" timestamp="2025-04-06T12:22:21 IST">
  <testcase classname="tests.RegisterTest" name="verifyRegisteringAccountUsingMandatoryFields" time="5.332"/>
  <testcase classname="tests.RegisterTest" name="verifyThankYourConfirmationEmailOnSuccessfulRegistration" time="7.583"/>
  <testcase classname="tests.RegisterTest" name="verifyRegistringAccountUsingAllFields" time="6.762"/>
  <testcase classname="tests.RegisterTest" name="verifyWarningMessageOfMandatoryFieldsInRegisterAccountPage" time="1.401"/>
  <testcase classname="tests.RegisterTest" name="verifyRegisteringAccountBySubscribingToNewsletter" time="6.122"/>
  <testcase classname="tests.RegisterTest" name="verifyRegisteringAccountByNotSubscribingToNewsletter" time="5.841"/>
  <testcase classname="tests.RegisterTest" name="verifyDifferentWaysOfNavigatingToRegisterAccountPage" time="3.17"/>
  <testcase classname="tests.RegisterTest" name="verifyRegisteringAccountByProvidingMismatchedPasswords" time="4.008"/>
  <testcase classname="tests.RegisterTest" name="verifyRegisterAccountWithExistingEmailAddress" time="3.832"/>
  <testcase classname="tests.RegisterTest" name="verifyRegisteringAccountUsingInvalidEmail" time="6.705"/>
  <testcase classname="tests.RegisterTest" name="verifyRegisteringAccountUsingInvalidTelephoneNumber" time="7.144">
    <failure type="java.lang.AssertionError" message="expected [true] but found [false]">
      <![CDATA[java.lang.AssertionError: expected [true] but found [false]
at tests.RegisterTest.verifyRegisteringAccountUsingInvalidTelephoneNumber(RegisterTest.java:373)
at java.base/java.util.ArrayList.forEach(ArrayList.java:1596)
... Removed 33 stack frames]]>
    </failure>
  </testcase> <!-- verifyRegisteringAccountUsingInvalidTelephoneNumber -->
  <testcase classname="tests.RegisterTest" name="verifyRegisteringAccountUsingKeyboardKeys" time="3.469"/>
  <testcase classname="tests.RegisterTest" name="verifyRegisterAccountPagePlaceholders" time="0.272"/>
  <testcase classname="tests.RegisterTest" name="verifyMandatoryFieldsInRegisterAccountPage" time="0.411">
    <failure type="java.lang.AssertionError" message="expected [&amp;quot;* &amp;quot;] but found [none]">
      <![CDATA[java.lang.AssertionError: expected ["* "] but found [none]
at tests.RegisterTest.verifyMandatoryFieldsInRegisterAccountPage(RegisterTest.java:475)
at java.base/java.util.ArrayList.forEach(ArrayList.java:1596)
... Removed 35 stack frames]]>
    </failure>
  </testcase> <!-- verifyMandatoryFieldsInRegisterAccountPage -->
  <testcase classname="tests.RegisterTest" name="verifyRegisteringAccountByEnteringOnlySpaces" time="6.837">
    <failure type="java.lang.AssertionError" message="expected [Telephone does not appear to be valid!] but found []">
      <![CDATA[java.lang.AssertionError: expected [Telephone does not appear to be valid!] but found []
at tests.RegisterTest.verifyRegisteringAccountByEnteringOnlySpaces(RegisterTest.java:576)
at java.base/java.util.ArrayList.forEach(ArrayList.java:1596)
... Removed 35 stack frames]]>
    </failure>
  </testcase> <!-- verifyRegisteringAccountByEnteringOnlySpaces -->
  <testcase classname="tests.RegisterTest" name="verifyRegisteringAccountUsingPasswordsWhichAreNotFollowingPasswordComplexityStandards" time="7.936">
    <failure type="java.lang.AssertionError" message="expected [true] but found [false]">
      <![CDATA[java.lang.AssertionError: expected [true] but found [false]
at tests.RegisterTest.verifyRegisteringAccountUsingPasswordsWhichAreNotFollowingPasswordComplexityStandards(RegisterTest.java:608)
at java.base/java.util.ArrayList.forEach(ArrayList.java:1596)
... Removed 33 stack frames]]>
    </failure>
  </testcase> <!-- verifyRegisteringAccountUsingPasswordsWhichAreNotFollowingPasswordComplexityStandards -->
  <testcase classname="tests.RegisterTest" name="verifyRegisteringAccountUsingPasswordsWhichAreNotFollowingPasswordComplexityStandards" time="7.724">
    <failure type="java.lang.AssertionError" message="expected [true] but found [false]">
      <![CDATA[java.lang.AssertionError: expected [true] but found [false]
at tests.RegisterTest.verifyRegisteringAccountUsingPasswordsWhichAreNotFollowingPasswordComplexityStandards(RegisterTest.java:608)
at java.base/java.util.ArrayList.forEach(ArrayList.java:1596)
... Removed 33 stack frames]]>
    </failure>
  </testcase> <!-- verifyRegisteringAccountUsingPasswordsWhichAreNotFollowingPasswordComplexityStandards -->
  <testcase classname="tests.RegisterTest" name="verifyRegisteringAccountUsingPasswordsWhichAreNotFollowingPasswordComplexityStandards" time="7.206">
    <failure type="java.lang.AssertionError" message="expected [true] but found [false]">
      <![CDATA[java.lang.AssertionError: expected [true] but found [false]
at tests.RegisterTest.verifyRegisteringAccountUsingPasswordsWhichAreNotFollowingPasswordComplexityStandards(RegisterTest.java:608)
at java.base/java.util.ArrayList.forEach(ArrayList.java:1596)
... Removed 33 stack frames]]>
    </failure>
  </testcase> <!-- verifyRegisteringAccountUsingPasswordsWhichAreNotFollowingPasswordComplexityStandards -->
  <testcase classname="tests.RegisterTest" name="verifyRegisteringAccountUsingPasswordsWhichAreNotFollowingPasswordComplexityStandards" time="7.279">
    <failure type="java.lang.AssertionError" message="expected [true] but found [false]">
      <![CDATA[java.lang.AssertionError: expected [true] but found [false]
at tests.RegisterTest.verifyRegisteringAccountUsingPasswordsWhichAreNotFollowingPasswordComplexityStandards(RegisterTest.java:608)
at java.base/java.util.ArrayList.forEach(ArrayList.java:1596)
... Removed 33 stack frames]]>
    </failure>
  </testcase> <!-- verifyRegisteringAccountUsingPasswordsWhichAreNotFollowingPasswordComplexityStandards -->
  <testcase classname="tests.RegisterTest" name="verifyRegisteringAccountUsingPasswordsWhichAreNotFollowingPasswordComplexityStandards" time="7.891">
    <failure type="java.lang.AssertionError" message="expected [true] but found [false]">
      <![CDATA[java.lang.AssertionError: expected [true] but found [false]
at tests.RegisterTest.verifyRegisteringAccountUsingPasswordsWhichAreNotFollowingPasswordComplexityStandards(RegisterTest.java:608)
at java.base/java.util.ArrayList.forEach(ArrayList.java:1596)
... Removed 33 stack frames]]>
    </failure>
  </testcase> <!-- verifyRegisteringAccountUsingPasswordsWhichAreNotFollowingPasswordComplexityStandards -->
  <testcase classname="tests.RegisterTest" name="verifyHeightWidthNumberOfCharacters" time="56.449">
    <failure type="java.lang.AssertionError" message="expected [true] but found [false]">
      <![CDATA[java.lang.AssertionError: expected [true] but found [false]
at tests.RegisterTest.verifyHeightWidthNumberOfCharacters(RegisterTest.java:781)
at java.base/java.util.ArrayList.forEach(ArrayList.java:1596)
... Removed 33 stack frames]]>
    </failure>
  </testcase> <!-- verifyHeightWidthNumberOfCharacters -->
  <testcase classname="tests.RegisterTest" name="verifyRegisterAccountUsingLeadingAndTrailingSpaces" time="6.329">
    <failure type="java.lang.AssertionError" message="The following asserts failed:
	expected [Arun] but found [     Arun     ],
	expected [Motoori] but found [     Motoori     ],
	expected [1234567890] but found [     1234567890     ]">
      <![CDATA[java.lang.AssertionError: The following asserts failed:
expected [Arun] but found [     Arun     ],
expected [Motoori] but found [     Motoori     ],
expected [1234567890] but found [     1234567890     ]
at tests.RegisterTest.verifyRegisterAccountUsingLeadingAndTrailingSpaces(RegisterTest.java:831)
at java.base/java.util.ArrayList.forEach(ArrayList.java:1596)
... Removed 31 stack frames]]>
    </failure>
  </testcase> <!-- verifyRegisterAccountUsingLeadingAndTrailingSpaces -->
  <testcase classname="tests.RegisterTest" name="verifyRegisterAccountPrivacyPolicyField" time="0.091"/>
  <testcase classname="tests.RegisterTest" name="verifyRegisteringAccountWithoutSelectingPrivacyPolicyCheckboxField" time="3.377"/>
  <testcase classname="tests.RegisterTest" name="verifyRegisteringAccountPasswordFieldsForSecurity" time="0.063"/>
  <testcase classname="tests.RegisterTest" name="verifyRegisterAccountPageNavigations" time="36.401"/>
  <testcase classname="tests.RegisterTest" name="verifyRegisteringAccountWithoutEnteringConfirmationPassword" time="3.309"/>
  <testcase classname="tests.RegisterTest" name="verifyRegisterAccountPageBreadcrumbURLTitleHeading" time="0.172"/>
  <testcase classname="tests.RegisterTest" name="verifyRegisterAccountUI" time="0.822"/>
  <testcase classname="tests.RegisterTest" name="verifyRegisterAccountInAllEnvironments" time="4.774"/>
  <testcase classname="tests.LoginTest" name="verifyLoggingIntoApplicationUsingValidCredentails" time="9.419"/>
  <testcase classname="tests.LoginTest" name="verifyLoggingIntoApplicationUsingInvalidCredentials" time="1.806"/>
  <testcase classname="tests.LoginTest" name="verifyLoggingIntoApplicationUsingInvalidEmailAndValidPassword" time="2.093"/>
  <testcase classname="tests.LoginTest" name="verifyLoggingIntoApplicationUsingValidEmailAndInvalidPassword" time="1.715"/>
  <testcase classname="tests.LoginTest" name="verifyLoggingIntoApplicationWithoutProvidingAnyCredentials" time="1.03"/>
  <testcase classname="tests.LoginTest" name="verifyForgottenPasswordOptionIsAvailable" time="0.742"/>
  <testcase classname="tests.LoginTest" name="verifyLoggingIntoApplicationUsingKeyboardKeys" time="7.846"/>
  <testcase classname="tests.LoginTest" name="verifyPlaceHoldersOfFieldsInLoginPage" time="0.088"/>
  <testcase classname="tests.LoginTest" name="verifyBrowsingBackAfterLogin" time="9.669"/>
  <testcase classname="tests.LoginTest" name="verifyBrowsingBackAfterLogout" time="11.726"/>
  <testcase classname="tests.LoginTest" name="verifyLoggingIntoApplicationUsingInactiveCredentials" time="1.966"/>
  <testcase classname="tests.LoginTest" name="verifyNumberOfUnsuccessfulLoginAttemps" time="11.719"/>
  <testcase classname="tests.LoginTest" name="verifyLoginPasswordFieldForVisibility" time="0.077"/>
  <testcase classname="tests.LoginTest" name="verifyCopyingOfTextEnteredIntoPasswordField" time="2.06"/>
  <testcase classname="tests.LoginTest" name="verifyPasswordIsNotVisibleInPageSource" time="1.333">
    <failure type="java.lang.AssertionError" message="expected [false] but found [true]">
      <![CDATA[java.lang.AssertionError: expected [false] but found [true]
at tests.LoginTest.verifyPasswordIsNotVisibleInPageSource(LoginTest.java:210)
at java.base/java.util.ArrayList.forEach(ArrayList.java:1596)
... Removed 33 stack frames]]>
    </failure>
  </testcase> <!-- verifyPasswordIsNotVisibleInPageSource -->
  <testcase classname="tests.LoginTest" name="verifyLoggingIntoApplicationUsingChangedPassword" time="4.645">
    <failure type="org.openqa.selenium.NoSuchElementException" message="no such element: Unable to locate element: {&amp;quot;method&amp;quot;:&amp;quot;link text&amp;quot;,&amp;quot;selector&amp;quot;:&amp;quot;Change your password&amp;quot;}
  (Session info: chrome=134.0.6998.178)
For documentation on this error, please visit: https://www.selenium.dev/documentation/webdriver/troubleshooting/errors#no-such-element-exception
Build info: version: &amp;apos;4.27.0&amp;apos;, revision: &amp;apos;d6e718d134&amp;apos;
System info: os.name: &amp;apos;Windows 11&amp;apos;, os.arch: &amp;apos;amd64&amp;apos;, os.version: &amp;apos;10.0&amp;apos;, java.version: &amp;apos;21.0.6&amp;apos;
Driver info: org.openqa.selenium.chrome.ChromeDriver
Command: [22160086409eb4f063953f58527644e9, findElement {using=link text, value=Change your password}]
Capabilities {acceptInsecureCerts: false, browserName: chrome, browserVersion: 134.0.6998.178, chrome: {chromedriverVersion: 134.0.6998.165 (fd886e2cb29..., userDataDir: C:\Users\arunm\AppData\Loca...}, fedcm:accounts: true, goog:chromeOptions: {debuggerAddress: localhost:50865}, networkConnectionEnabled: false, pageLoadStrategy: normal, platformName: windows, proxy: Proxy(), se:cdp: ws://localhost:50865/devtoo..., se:cdpVersion: 134.0.6998.178, setWindowRect: true, strictFileInteractability: false, timeouts: {implicit: 0, pageLoad: 300000, script: 30000}, unhandledPromptBehavior: dismiss and notify, webauthn:extension:credBlob: true, webauthn:extension:largeBlob: true, webauthn:extension:minPinLength: true, webauthn:extension:prf: true, webauthn:virtualAuthenticators: true}
Session ID: 22160086409eb4f063953f58527644e9">
      <![CDATA[org.openqa.selenium.NoSuchElementException: no such element: Unable to locate element: {"method":"link text","selector":"Change your password"}
  (Session info: chrome=134.0.6998.178)
For documentation on this error, please visit: https://www.selenium.dev/documentation/webdriver/troubleshooting/errors#no-such-element-exception
Build info: version: '4.27.0', revision: 'd6e718d134'
System info: os.name: 'Windows 11', os.arch: 'amd64', os.version: '10.0', java.version: '21.0.6'
Driver info: org.openqa.selenium.chrome.ChromeDriver
Command: [22160086409eb4f063953f58527644e9, findElement {using=link text, value=Change your password}]
Capabilities {acceptInsecureCerts: false, browserName: chrome, browserVersion: 134.0.6998.178, chrome: {chromedriverVersion: 134.0.6998.165 (fd886e2cb29..., userDataDir: C:\Users\arunm\AppData\Loca...}, fedcm:accounts: true, goog:chromeOptions: {debuggerAddress: localhost:50865}, networkConnectionEnabled: false, pageLoadStrategy: normal, platformName: windows, proxy: Proxy(), se:cdp: ws://localhost:50865/devtoo..., se:cdpVersion: 134.0.6998.178, setWindowRect: true, strictFileInteractability: false, timeouts: {implicit: 0, pageLoad: 300000, script: 30000}, unhandledPromptBehavior: dismiss and notify, webauthn:extension:credBlob: true, webauthn:extension:largeBlob: true, webauthn:extension:minPinLength: true, webauthn:extension:prf: true, webauthn:virtualAuthenticators: true}
Session ID: 22160086409eb4f063953f58527644e9
at org.openqa.selenium.remote.ErrorCodec.decode(ErrorCodec.java:167)
at org.openqa.selenium.remote.codec.w3c.W3CHttpResponseCodec.decode(W3CHttpResponseCodec.java:138)
at org.openqa.selenium.remote.codec.w3c.W3CHttpResponseCodec.decode(W3CHttpResponseCodec.java:50)
at org.openqa.selenium.remote.HttpCommandExecutor.execute(HttpCommandExecutor.java:190)
at org.openqa.selenium.remote.service.DriverCommandExecutor.invokeExecute(DriverCommandExecutor.java:216)
at org.openqa.selenium.remote.service.DriverCommandExecutor.execute(DriverCommandExecutor.java:174)
at org.openqa.selenium.remote.RemoteWebDriver.execute(RemoteWebDriver.java:545)
at org.openqa.selenium.remote.ElementLocation$ElementFinder$2.findElement(ElementLocation.java:165)
at org.openqa.selenium.remote.ElementLocation.findElement(ElementLocation.java:59)
at org.openqa.selenium.remote.RemoteWebDriver.findElement(RemoteWebDriver.java:368)
at org.openqa.selenium.remote.RemoteWebDriver.findElement(RemoteWebDriver.java:362)
at org.openqa.selenium.support.pagefactory.DefaultElementLocator.findElement(DefaultElementLocator.java:68)
at org.openqa.selenium.support.pagefactory.internal.LocatingElementHandler.invoke(LocatingElementHandler.java:38)
at jdk.proxy2/jdk.proxy2.$Proxy12.isDisplayed(Unknown Source)
at utils.ElementUtilities.isElementDisplayedOnPage(ElementUtilities.java:126)
at utils.ElementUtilities.clickOnElement(ElementUtilities.java:85)
at pages.MyAccountPage.clickOnChangeYourPasswordOption(MyAccountPage.java:128)
at tests.LoginTest.verifyLoggingIntoApplicationUsingChangedPassword(LoginTest.java:219)
at java.base/java.util.ArrayList.forEach(ArrayList.java:1596)
... Removed 32 stack frames]]>
    </failure>
  </testcase> <!-- verifyLoggingIntoApplicationUsingChangedPassword -->
  <testcase classname="tests.LoginTest" name="verifyLoginPageNavigations" time="37.026"/>
  <testcase classname="tests.LoginTest" name="verifyDifferrentWaysOfNavigatingToLoginPage" time="2.451"/>
  <testcase classname="tests.LoginTest" name="verifyLoginPageBreadcrumbURLTitleHeading" time="0.234"/>
  <testcase classname="tests.LoginTest" name="verifyLoginPageUI" time="0.584"/>
  <testcase classname="tests.LoginTest" name="verifyLoginInAllEnvironments" time="10.257"/>
  <testcase classname="tests.LogoutTest" name="verifyLoggingOutUsingMyAccountLogoutOption" time="7.039"/>
  <testcase classname="tests.LogoutTest" name="verifyLoggingOutUsingRightColumnLogoutOption" time="8.735"/>
  <testcase classname="tests.LogoutTest" name="verifyLoggingOutAndBrowsingBack" time="6.68"/>
  <testcase classname="tests.LogoutTest" name="verifyNoLogoutOptionBeforeLoginInMyAccountDropMenu" time="3.272"/>
  <testcase classname="tests.LogoutTest" name="verifyNoLogoutOptionBeforeLoginInRightColumnOptions" time="3.975"/>
  <testcase classname="tests.LogoutTest" name="verifyLoginImmediatleyAfterLogout" time="9.69"/>
  <testcase classname="tests.LogoutTest" name="verifyBreadcrumbTitleURLAndHeadingOfAccountLogoutPage" time="6.233"/>
  <testcase classname="tests.LogoutTest" name="verifyLogoutUI" time="7.181"/>
  <testcase classname="tests.LogoutTest" name="verifyLogoutInAllSupportedEnvironments" time="7.111"/>
  <testcase classname="tests.SearchTest" name="verifySearchWithAnExistingProduct" time="1.264"/>
  <testcase classname="tests.SearchTest" name="verifySearchWithANonExistingProduct" time="1.245"/>
  <testcase classname="tests.SearchTest" name="verifySearchWithoutEnterAnyProduct" time="0.785"/>
  <testcase classname="tests.SearchTest" name="verifyProductSearchAfterLogin" time="4.59"/>
  <testcase classname="tests.SearchTest" name="verifyProductSeachResultingMultipleProducts" time="1.166"/>
  <testcase classname="tests.SearchTest" name="verifySearchFunctionalityFielsPlaceHolders" time="0.702"/>
  <testcase classname="tests.SearchTest" name="verifySearchFunctionalityUsingSearchCriteriaField" time="1.755"/>
  <testcase classname="tests.SearchTest" name="verifySearchUsingTextInProductDescription" time="2.244"/>
  <testcase classname="tests.SearchTest" name="verifySearchBySelectingTheCategory" time="3.256"/>
  <testcase classname="tests.SearchTest" name="verifySearchBySelectingToSearchInSubCategories" time="2.98"/>
  <testcase classname="tests.SearchTest" name="verifyListAndGridViewsInSearchResultsPageHavingOneProduct" time="13.378"/>
  <testcase classname="tests.SearchTest" name="verifyListAndGridViewsWhenMultipleProductsAreDisplayed" time="1.911"/>
  <testcase classname="tests.SearchTest" name="verifyNavigationToProductComparisonPageFromSearchResultsPage" time="1.71"/>
  <testcase classname="tests.SearchTest" name="verifyAllSortingOptionsInSearchResultsPage" time="1.47"/>
  <testcase classname="tests.SearchTest" name="verifyShowProductsByLimitingCount" time="1.28">
    <failure type="java.lang.AssertionError" message="expected [true] but found [false]">
      <![CDATA[java.lang.AssertionError: expected [true] but found [false]
at tests.SearchTest.verifyShowProductsByLimitingCount(SearchTest.java:236)
at java.base/java.util.ArrayList.forEach(ArrayList.java:1596)
... Removed 33 stack frames]]>
    </failure>
  </testcase> <!-- verifyShowProductsByLimitingCount -->
  <testcase classname="tests.SearchTest" name="verifyDisplayingOfSearchFieldAndSearchButtonOnAllPagesOfTheApplication" time="55.8"/>
  <testcase classname="tests.SearchTest" name="verifyNavigatingToSearchPageFromSiteMapPage" time="1.327"/>
  <testcase classname="tests.SearchTest" name="verifyBreadcrumbOptionInSearchResultsPage" time="1.707"/>
  <testcase classname="tests.SearchTest" name="verifyUsingAllOptionsOnSearchResultsPageUsingKeyboardKeys" time="9.38"/>
  <testcase classname="tests.SearchTest" name="verifySearchPageHeadingTitleURL" time="0.738"/>
  <testcase classname="tests.SearchTest" name="verifySearchPageUI" time="1.096"/>
  <testcase classname="tests.SearchTest" name="verifySearchFunctionalityInAllEnvironments" time="1.352"/>
  <testcase classname="tests.RegisterTest" name="verifyDataBaseTestingForRegisterAccount" time="0.0">
    <ignored/>
  </testcase> <!-- verifyDataBaseTestingForRegisterAccount -->
</testsuite> <!-- Test -->
