<?xml version="1.0" encoding="UTF-8"?>
<testng-results ignored="0" total="82" passed="69" failed="13" skipped="0">
  <reporter-output>
  </reporter-output>
  <suite started-at="2025-04-06T12:05:51 IST" name="Suite" finished-at="2025-04-06T12:22:19 IST" duration-ms="987758">
    <groups>
    </groups>
    <test started-at="2025-04-06T12:05:51 IST" name="Test" finished-at="2025-04-06T12:22:19 IST" duration-ms="987758">
      <class name="tests.LoginTest">
        <test-method is-config="true" signature="setup()[pri:0, instance:tests.LoginTest@59474f18]" started-at="2025-04-06T12:12:54 IST" name="setup" finished-at="2025-04-06T12:13:00 IST" duration-ms="5702" status="PASS">
          <reporter-output>
          </reporter-output>
        </test-method> <!-- setup -->
        <test-method signature="verifyLoggingIntoApplicationUsingValidCredentails()[pri:1, instance:tests.LoginTest@59474f18]" started-at="2025-04-06T12:13:00 IST" name="verifyLoggingIntoApplicationUsingValidCredentails" finished-at="2025-04-06T12:13:09 IST" duration-ms="9419" status="PASS">
          <reporter-output>
          </reporter-output>
        </test-method> <!-- verifyLoggingIntoApplicationUsingValidCredentails -->
        <test-method is-config="true" signature="teardown()[pri:0, instance:tests.LoginTest@59474f18]" started-at="2025-04-06T12:13:09 IST" name="teardown" finished-at="2025-04-06T12:13:10 IST" duration-ms="413" status="PASS">
          <reporter-output>
          </reporter-output>
        </test-method> <!-- teardown -->
        <test-method is-config="true" signature="setup()[pri:0, instance:tests.LoginTest@59474f18]" started-at="2025-04-06T12:13:10 IST" name="setup" finished-at="2025-04-06T12:13:15 IST" duration-ms="5420" status="PASS">
          <reporter-output>
          </reporter-output>
        </test-method> <!-- setup -->
        <test-method signature="verifyLoggingIntoApplicationUsingInvalidCredentials()[pri:2, instance:tests.LoginTest@59474f18]" started-at="2025-04-06T12:13:15 IST" name="verifyLoggingIntoApplicationUsingInvalidCredentials" finished-at="2025-04-06T12:13:17 IST" duration-ms="1806" status="PASS">
          <reporter-output>
          </reporter-output>
        </test-method> <!-- verifyLoggingIntoApplicationUsingInvalidCredentials -->
        <test-method is-config="true" signature="teardown()[pri:0, instance:tests.LoginTest@59474f18]" started-at="2025-04-06T12:13:17 IST" name="teardown" finished-at="2025-04-06T12:13:17 IST" duration-ms="248" status="PASS">
          <reporter-output>
          </reporter-output>
        </test-method> <!-- teardown -->
        <test-method is-config="true" signature="setup()[pri:0, instance:tests.LoginTest@59474f18]" started-at="2025-04-06T12:13:17 IST" name="setup" finished-at="2025-04-06T12:13:23 IST" duration-ms="5596" status="PASS">
          <reporter-output>
          </reporter-output>
        </test-method> <!-- setup -->
        <test-method signature="verifyLoggingIntoApplicationUsingInvalidEmailAndValidPassword()[pri:3, instance:tests.LoginTest@59474f18]" started-at="2025-04-06T12:13:23 IST" name="verifyLoggingIntoApplicationUsingInvalidEmailAndValidPassword" finished-at="2025-04-06T12:13:25 IST" duration-ms="2093" status="PASS">
          <reporter-output>
          </reporter-output>
        </test-method> <!-- verifyLoggingIntoApplicationUsingInvalidEmailAndValidPassword -->
        <test-method is-config="true" signature="teardown()[pri:0, instance:tests.LoginTest@59474f18]" started-at="2025-04-06T12:13:25 IST" name="teardown" finished-at="2025-04-06T12:13:25 IST" duration-ms="275" status="PASS">
          <reporter-output>
          </reporter-output>
        </test-method> <!-- teardown -->
        <test-method is-config="true" signature="setup()[pri:0, instance:tests.LoginTest@59474f18]" started-at="2025-04-06T12:13:25 IST" name="setup" finished-at="2025-04-06T12:13:31 IST" duration-ms="5862" status="PASS">
          <reporter-output>
          </reporter-output>
        </test-method> <!-- setup -->
        <test-method signature="verifyLoggingIntoApplicationUsingValidEmailAndInvalidPassword()[pri:4, instance:tests.LoginTest@59474f18]" started-at="2025-04-06T12:13:31 IST" name="verifyLoggingIntoApplicationUsingValidEmailAndInvalidPassword" finished-at="2025-04-06T12:13:33 IST" duration-ms="1715" status="PASS">
          <reporter-output>
          </reporter-output>
        </test-method> <!-- verifyLoggingIntoApplicationUsingValidEmailAndInvalidPassword -->
        <test-method is-config="true" signature="teardown()[pri:0, instance:tests.LoginTest@59474f18]" started-at="2025-04-06T12:13:33 IST" name="teardown" finished-at="2025-04-06T12:13:33 IST" duration-ms="384" status="PASS">
          <reporter-output>
          </reporter-output>
        </test-method> <!-- teardown -->
        <test-method is-config="true" signature="setup()[pri:0, instance:tests.LoginTest@59474f18]" started-at="2025-04-06T12:13:33 IST" name="setup" finished-at="2025-04-06T12:13:39 IST" duration-ms="5866" status="PASS">
          <reporter-output>
          </reporter-output>
        </test-method> <!-- setup -->
        <test-method signature="verifyLoggingIntoApplicationWithoutProvidingAnyCredentials()[pri:5, instance:tests.LoginTest@59474f18]" started-at="2025-04-06T12:13:39 IST" name="verifyLoggingIntoApplicationWithoutProvidingAnyCredentials" finished-at="2025-04-06T12:13:40 IST" duration-ms="1030" status="PASS">
          <reporter-output>
          </reporter-output>
        </test-method> <!-- verifyLoggingIntoApplicationWithoutProvidingAnyCredentials -->
        <test-method is-config="true" signature="teardown()[pri:0, instance:tests.LoginTest@59474f18]" started-at="2025-04-06T12:13:40 IST" name="teardown" finished-at="2025-04-06T12:13:40 IST" duration-ms="378" status="PASS">
          <reporter-output>
          </reporter-output>
        </test-method> <!-- teardown -->
        <test-method is-config="true" signature="setup()[pri:0, instance:tests.LoginTest@59474f18]" started-at="2025-04-06T12:13:40 IST" name="setup" finished-at="2025-04-06T12:13:46 IST" duration-ms="5599" status="PASS">
          <reporter-output>
          </reporter-output>
        </test-method> <!-- setup -->
        <test-method signature="verifyForgottenPasswordOptionIsAvailable()[pri:6, instance:tests.LoginTest@59474f18]" started-at="2025-04-06T12:13:46 IST" name="verifyForgottenPasswordOptionIsAvailable" finished-at="2025-04-06T12:13:47 IST" duration-ms="742" status="PASS">
          <reporter-output>
          </reporter-output>
        </test-method> <!-- verifyForgottenPasswordOptionIsAvailable -->
        <test-method is-config="true" signature="teardown()[pri:0, instance:tests.LoginTest@59474f18]" started-at="2025-04-06T12:13:47 IST" name="teardown" finished-at="2025-04-06T12:13:47 IST" duration-ms="391" status="PASS">
          <reporter-output>
          </reporter-output>
        </test-method> <!-- teardown -->
        <test-method is-config="true" signature="setup()[pri:0, instance:tests.LoginTest@59474f18]" started-at="2025-04-06T12:13:47 IST" name="setup" finished-at="2025-04-06T12:13:52 IST" duration-ms="5516" status="PASS">
          <reporter-output>
          </reporter-output>
        </test-method> <!-- setup -->
        <test-method signature="verifyLoggingIntoApplicationUsingKeyboardKeys()[pri:7, instance:tests.LoginTest@59474f18]" started-at="2025-04-06T12:13:52 IST" name="verifyLoggingIntoApplicationUsingKeyboardKeys" finished-at="2025-04-06T12:14:00 IST" duration-ms="7846" status="PASS">
          <reporter-output>
          </reporter-output>
        </test-method> <!-- verifyLoggingIntoApplicationUsingKeyboardKeys -->
        <test-method is-config="true" signature="teardown()[pri:0, instance:tests.LoginTest@59474f18]" started-at="2025-04-06T12:14:00 IST" name="teardown" finished-at="2025-04-06T12:14:01 IST" duration-ms="441" status="PASS">
          <reporter-output>
          </reporter-output>
        </test-method> <!-- teardown -->
        <test-method is-config="true" signature="setup()[pri:0, instance:tests.LoginTest@59474f18]" started-at="2025-04-06T12:14:01 IST" name="setup" finished-at="2025-04-06T12:14:07 IST" duration-ms="5751" status="PASS">
          <reporter-output>
          </reporter-output>
        </test-method> <!-- setup -->
        <test-method signature="verifyPlaceHoldersOfFieldsInLoginPage()[pri:8, instance:tests.LoginTest@59474f18]" started-at="2025-04-06T12:14:07 IST" name="verifyPlaceHoldersOfFieldsInLoginPage" finished-at="2025-04-06T12:14:07 IST" duration-ms="88" status="PASS">
          <reporter-output>
          </reporter-output>
        </test-method> <!-- verifyPlaceHoldersOfFieldsInLoginPage -->
        <test-method is-config="true" signature="teardown()[pri:0, instance:tests.LoginTest@59474f18]" started-at="2025-04-06T12:14:07 IST" name="teardown" finished-at="2025-04-06T12:14:07 IST" duration-ms="310" status="PASS">
          <reporter-output>
          </reporter-output>
        </test-method> <!-- teardown -->
        <test-method is-config="true" signature="setup()[pri:0, instance:tests.LoginTest@59474f18]" started-at="2025-04-06T12:14:07 IST" name="setup" finished-at="2025-04-06T12:14:12 IST" duration-ms="5328" status="PASS">
          <reporter-output>
          </reporter-output>
        </test-method> <!-- setup -->
        <test-method signature="verifyBrowsingBackAfterLogin()[pri:9, instance:tests.LoginTest@59474f18]" started-at="2025-04-06T12:14:12 IST" name="verifyBrowsingBackAfterLogin" finished-at="2025-04-06T12:14:22 IST" duration-ms="9669" status="PASS">
          <reporter-output>
          </reporter-output>
        </test-method> <!-- verifyBrowsingBackAfterLogin -->
        <test-method is-config="true" signature="teardown()[pri:0, instance:tests.LoginTest@59474f18]" started-at="2025-04-06T12:14:22 IST" name="teardown" finished-at="2025-04-06T12:14:22 IST" duration-ms="285" status="PASS">
          <reporter-output>
          </reporter-output>
        </test-method> <!-- teardown -->
        <test-method is-config="true" signature="setup()[pri:0, instance:tests.LoginTest@59474f18]" started-at="2025-04-06T12:14:22 IST" name="setup" finished-at="2025-04-06T12:14:28 IST" duration-ms="6226" status="PASS">
          <reporter-output>
          </reporter-output>
        </test-method> <!-- setup -->
        <test-method signature="verifyBrowsingBackAfterLogout()[pri:10, instance:tests.LoginTest@59474f18]" started-at="2025-04-06T12:14:28 IST" name="verifyBrowsingBackAfterLogout" finished-at="2025-04-06T12:14:40 IST" duration-ms="11726" status="PASS">
          <reporter-output>
          </reporter-output>
        </test-method> <!-- verifyBrowsingBackAfterLogout -->
        <test-method is-config="true" signature="teardown()[pri:0, instance:tests.LoginTest@59474f18]" started-at="2025-04-06T12:14:40 IST" name="teardown" finished-at="2025-04-06T12:14:41 IST" duration-ms="366" status="PASS">
          <reporter-output>
          </reporter-output>
        </test-method> <!-- teardown -->
        <test-method is-config="true" signature="setup()[pri:0, instance:tests.LoginTest@59474f18]" started-at="2025-04-06T12:14:41 IST" name="setup" finished-at="2025-04-06T12:14:46 IST" duration-ms="5598" status="PASS">
          <reporter-output>
          </reporter-output>
        </test-method> <!-- setup -->
        <test-method signature="verifyLoggingIntoApplicationUsingInactiveCredentials()[pri:11, instance:tests.LoginTest@59474f18]" started-at="2025-04-06T12:14:46 IST" name="verifyLoggingIntoApplicationUsingInactiveCredentials" finished-at="2025-04-06T12:14:48 IST" duration-ms="1966" status="PASS">
          <reporter-output>
          </reporter-output>
        </test-method> <!-- verifyLoggingIntoApplicationUsingInactiveCredentials -->
        <test-method is-config="true" signature="teardown()[pri:0, instance:tests.LoginTest@59474f18]" started-at="2025-04-06T12:14:48 IST" name="teardown" finished-at="2025-04-06T12:14:48 IST" duration-ms="330" status="PASS">
          <reporter-output>
          </reporter-output>
        </test-method> <!-- teardown -->
        <test-method is-config="true" signature="setup()[pri:0, instance:tests.LoginTest@59474f18]" started-at="2025-04-06T12:14:48 IST" name="setup" finished-at="2025-04-06T12:14:54 IST" duration-ms="5781" status="PASS">
          <reporter-output>
          </reporter-output>
        </test-method> <!-- setup -->
        <test-method signature="verifyNumberOfUnsuccessfulLoginAttemps()[pri:12, instance:tests.LoginTest@59474f18]" started-at="2025-04-06T12:14:54 IST" name="verifyNumberOfUnsuccessfulLoginAttemps" finished-at="2025-04-06T12:15:06 IST" duration-ms="11719" status="PASS">
          <reporter-output>
          </reporter-output>
        </test-method> <!-- verifyNumberOfUnsuccessfulLoginAttemps -->
        <test-method is-config="true" signature="teardown()[pri:0, instance:tests.LoginTest@59474f18]" started-at="2025-04-06T12:15:06 IST" name="teardown" finished-at="2025-04-06T12:15:06 IST" duration-ms="301" status="PASS">
          <reporter-output>
          </reporter-output>
        </test-method> <!-- teardown -->
        <test-method is-config="true" signature="setup()[pri:0, instance:tests.LoginTest@59474f18]" started-at="2025-04-06T12:15:06 IST" name="setup" finished-at="2025-04-06T12:15:12 IST" duration-ms="5644" status="PASS">
          <reporter-output>
          </reporter-output>
        </test-method> <!-- setup -->
        <test-method signature="verifyLoginPasswordFieldForVisibility()[pri:13, instance:tests.LoginTest@59474f18]" started-at="2025-04-06T12:15:12 IST" name="verifyLoginPasswordFieldForVisibility" finished-at="2025-04-06T12:15:12 IST" duration-ms="77" status="PASS">
          <reporter-output>
          </reporter-output>
        </test-method> <!-- verifyLoginPasswordFieldForVisibility -->
        <test-method is-config="true" signature="teardown()[pri:0, instance:tests.LoginTest@59474f18]" started-at="2025-04-06T12:15:12 IST" name="teardown" finished-at="2025-04-06T12:15:12 IST" duration-ms="352" status="PASS">
          <reporter-output>
          </reporter-output>
        </test-method> <!-- teardown -->
        <test-method is-config="true" signature="setup()[pri:0, instance:tests.LoginTest@59474f18]" started-at="2025-04-06T12:15:12 IST" name="setup" finished-at="2025-04-06T12:15:18 IST" duration-ms="5406" status="PASS">
          <reporter-output>
          </reporter-output>
        </test-method> <!-- setup -->
        <test-method signature="verifyCopyingOfTextEnteredIntoPasswordField()[pri:14, instance:tests.LoginTest@59474f18]" started-at="2025-04-06T12:15:18 IST" name="verifyCopyingOfTextEnteredIntoPasswordField" finished-at="2025-04-06T12:15:20 IST" duration-ms="2060" status="PASS">
          <reporter-output>
          </reporter-output>
        </test-method> <!-- verifyCopyingOfTextEnteredIntoPasswordField -->
        <test-method is-config="true" signature="teardown()[pri:0, instance:tests.LoginTest@59474f18]" started-at="2025-04-06T12:15:20 IST" name="teardown" finished-at="2025-04-06T12:15:20 IST" duration-ms="287" status="PASS">
          <reporter-output>
          </reporter-output>
        </test-method> <!-- teardown -->
        <test-method is-config="true" signature="setup()[pri:0, instance:tests.LoginTest@59474f18]" started-at="2025-04-06T12:15:20 IST" name="setup" finished-at="2025-04-06T12:15:25 IST" duration-ms="5112" status="PASS">
          <reporter-output>
          </reporter-output>
        </test-method> <!-- setup -->
        <test-method signature="verifyPasswordIsNotVisibleInPageSource()[pri:15, instance:tests.LoginTest@59474f18]" started-at="2025-04-06T12:15:25 IST" name="verifyPasswordIsNotVisibleInPageSource" finished-at="2025-04-06T12:15:27 IST" duration-ms="1333" status="FAIL">
          <exception class="java.lang.AssertionError">
            <message>
              <![CDATA[expected [false] but found [true]]]>
            </message>
            <full-stacktrace>
              <![CDATA[java.lang.AssertionError: expected [false] but found [true]
at org.testng.Assert.fail(Assert.java:111)
at org.testng.Assert.failNotEquals(Assert.java:1578)
at org.testng.Assert.assertFalse(Assert.java:79)
at org.testng.Assert.assertFalse(Assert.java:89)
at tests.LoginTest.verifyPasswordIsNotVisibleInPageSource(LoginTest.java:210)
at java.base/jdk.internal.reflect.DirectMethodHandleAccessor.invoke(DirectMethodHandleAccessor.java:103)
at java.base/java.lang.reflect.Method.invoke(Method.java:580)
at org.testng.internal.invokers.MethodInvocationHelper.invokeMethod(MethodInvocationHelper.java:141)
at org.testng.internal.invokers.TestInvoker.invokeMethod(TestInvoker.java:686)
at org.testng.internal.invokers.TestInvoker.invokeTestMethod(TestInvoker.java:230)
at org.testng.internal.invokers.MethodRunner.runInSequence(MethodRunner.java:63)
at org.testng.internal.invokers.TestInvoker$MethodInvocationAgent.invoke(TestInvoker.java:992)
at org.testng.internal.invokers.TestInvoker.invokeTestMethods(TestInvoker.java:203)
at org.testng.internal.invokers.TestMethodWorker.invokeTestMethods(TestMethodWorker.java:154)
at org.testng.internal.invokers.TestMethodWorker.run(TestMethodWorker.java:134)
at java.base/java.util.ArrayList.forEach(ArrayList.java:1596)
at org.testng.TestRunner.privateRun(TestRunner.java:739)
at org.testng.TestRunner.run(TestRunner.java:614)
at org.testng.SuiteRunner.runTest(SuiteRunner.java:421)
at org.testng.SuiteRunner.runSequentially(SuiteRunner.java:413)
at org.testng.SuiteRunner.privateRun(SuiteRunner.java:373)
at org.testng.SuiteRunner.run(SuiteRunner.java:312)
at org.testng.SuiteRunnerWorker.runSuite(SuiteRunnerWorker.java:52)
at org.testng.SuiteRunnerWorker.run(SuiteRunnerWorker.java:95)
at org.testng.TestNG.runSuitesSequentially(TestNG.java:1274)
at org.testng.TestNG.runSuitesLocally(TestNG.java:1208)
at org.testng.TestNG.runSuites(TestNG.java:1112)
at org.testng.TestNG.run(TestNG.java:1079)
at org.apache.maven.surefire.testng.TestNGExecutor.run(TestNGExecutor.java:308)
at org.apache.maven.surefire.testng.TestNGXmlTestSuite.execute(TestNGXmlTestSuite.java:71)
at org.apache.maven.surefire.testng.TestNGProvider.invoke(TestNGProvider.java:113)
at org.apache.maven.surefire.booter.ForkedBooter.runSuitesInProcess(ForkedBooter.java:385)
at org.apache.maven.surefire.booter.ForkedBooter.execute(ForkedBooter.java:162)
at org.apache.maven.surefire.booter.ForkedBooter.run(ForkedBooter.java:507)
at org.apache.maven.surefire.booter.ForkedBooter.main(ForkedBooter.java:495)
]]>
            </full-stacktrace>
          </exception> <!-- java.lang.AssertionError -->
          <reporter-output>
          </reporter-output>
        </test-method> <!-- verifyPasswordIsNotVisibleInPageSource -->
        <test-method is-config="true" signature="teardown()[pri:0, instance:tests.LoginTest@59474f18]" started-at="2025-04-06T12:15:27 IST" name="teardown" finished-at="2025-04-06T12:15:27 IST" duration-ms="444" status="PASS">
          <reporter-output>
          </reporter-output>
        </test-method> <!-- teardown -->
        <test-method is-config="true" signature="setup()[pri:0, instance:tests.LoginTest@59474f18]" started-at="2025-04-06T12:15:27 IST" name="setup" finished-at="2025-04-06T12:15:32 IST" duration-ms="4369" status="PASS">
          <reporter-output>
          </reporter-output>
        </test-method> <!-- setup -->
        <test-method signature="verifyLoggingIntoApplicationUsingChangedPassword()[pri:16, instance:tests.LoginTest@59474f18]" started-at="2025-04-06T12:15:32 IST" name="verifyLoggingIntoApplicationUsingChangedPassword" finished-at="2025-04-06T12:15:36 IST" duration-ms="4645" status="FAIL">
          <exception class="org.openqa.selenium.NoSuchElementException">
            <message>
              <![CDATA[no such element: Unable to locate element: {"method":"link text","selector":"Change your password"}
  (Session info: chrome=134.0.6998.178)
For documentation on this error, please visit: https://www.selenium.dev/documentation/webdriver/troubleshooting/errors#no-such-element-exception
Build info: version: '4.27.0', revision: 'd6e718d134'
System info: os.name: 'Windows 11', os.arch: 'amd64', os.version: '10.0', java.version: '21.0.6'
Driver info: org.openqa.selenium.chrome.ChromeDriver
Command: [22160086409eb4f063953f58527644e9, findElement {using=link text, value=Change your password}]
Capabilities {acceptInsecureCerts: false, browserName: chrome, browserVersion: 134.0.6998.178, chrome: {chromedriverVersion: 134.0.6998.165 (fd886e2cb29..., userDataDir: C:\Users\arunm\AppData\Loca...}, fedcm:accounts: true, goog:chromeOptions: {debuggerAddress: localhost:50865}, networkConnectionEnabled: false, pageLoadStrategy: normal, platformName: windows, proxy: Proxy(), se:cdp: ws://localhost:50865/devtoo..., se:cdpVersion: 134.0.6998.178, setWindowRect: true, strictFileInteractability: false, timeouts: {implicit: 0, pageLoad: 300000, script: 30000}, unhandledPromptBehavior: dismiss and notify, webauthn:extension:credBlob: true, webauthn:extension:largeBlob: true, webauthn:extension:minPinLength: true, webauthn:extension:prf: true, webauthn:virtualAuthenticators: true}
Session ID: 22160086409eb4f063953f58527644e9]]>
            </message>
            <full-stacktrace>
              <![CDATA[org.openqa.selenium.NoSuchElementException: no such element: Unable to locate element: {"method":"link text","selector":"Change your password"}
  (Session info: chrome=134.0.6998.178)
For documentation on this error, please visit: https://www.selenium.dev/documentation/webdriver/troubleshooting/errors#no-such-element-exception
Build info: version: '4.27.0', revision: 'd6e718d134'
System info: os.name: 'Windows 11', os.arch: 'amd64', os.version: '10.0', java.version: '21.0.6'
Driver info: org.openqa.selenium.chrome.ChromeDriver
Command: [22160086409eb4f063953f58527644e9, findElement {using=link text, value=Change your password}]
Capabilities {acceptInsecureCerts: false, browserName: chrome, browserVersion: 134.0.6998.178, chrome: {chromedriverVersion: 134.0.6998.165 (fd886e2cb29..., userDataDir: C:\Users\arunm\AppData\Loca...}, fedcm:accounts: true, goog:chromeOptions: {debuggerAddress: localhost:50865}, networkConnectionEnabled: false, pageLoadStrategy: normal, platformName: windows, proxy: Proxy(), se:cdp: ws://localhost:50865/devtoo..., se:cdpVersion: 134.0.6998.178, setWindowRect: true, strictFileInteractability: false, timeouts: {implicit: 0, pageLoad: 300000, script: 30000}, unhandledPromptBehavior: dismiss and notify, webauthn:extension:credBlob: true, webauthn:extension:largeBlob: true, webauthn:extension:minPinLength: true, webauthn:extension:prf: true, webauthn:virtualAuthenticators: true}
Session ID: 22160086409eb4f063953f58527644e9
at java.base/jdk.internal.reflect.DirectConstructorHandleAccessor.newInstance(DirectConstructorHandleAccessor.java:62)
at java.base/java.lang.reflect.Constructor.newInstanceWithCaller(Constructor.java:502)
at java.base/java.lang.reflect.Constructor.newInstance(Constructor.java:486)
at org.openqa.selenium.remote.ErrorCodec.decode(ErrorCodec.java:167)
at org.openqa.selenium.remote.codec.w3c.W3CHttpResponseCodec.decode(W3CHttpResponseCodec.java:138)
at org.openqa.selenium.remote.codec.w3c.W3CHttpResponseCodec.decode(W3CHttpResponseCodec.java:50)
at org.openqa.selenium.remote.HttpCommandExecutor.execute(HttpCommandExecutor.java:190)
at org.openqa.selenium.remote.service.DriverCommandExecutor.invokeExecute(DriverCommandExecutor.java:216)
at org.openqa.selenium.remote.service.DriverCommandExecutor.execute(DriverCommandExecutor.java:174)
at org.openqa.selenium.remote.RemoteWebDriver.execute(RemoteWebDriver.java:545)
at org.openqa.selenium.remote.ElementLocation$ElementFinder$2.findElement(ElementLocation.java:165)
at org.openqa.selenium.remote.ElementLocation.findElement(ElementLocation.java:59)
at org.openqa.selenium.remote.RemoteWebDriver.findElement(RemoteWebDriver.java:368)
at org.openqa.selenium.remote.RemoteWebDriver.findElement(RemoteWebDriver.java:362)
at org.openqa.selenium.support.pagefactory.DefaultElementLocator.findElement(DefaultElementLocator.java:68)
at org.openqa.selenium.support.pagefactory.internal.LocatingElementHandler.invoke(LocatingElementHandler.java:38)
at jdk.proxy2/jdk.proxy2.$Proxy12.isDisplayed(Unknown Source)
at utils.ElementUtilities.isElementDisplayedOnPage(ElementUtilities.java:126)
at utils.ElementUtilities.clickOnElement(ElementUtilities.java:85)
at pages.MyAccountPage.clickOnChangeYourPasswordOption(MyAccountPage.java:128)
at tests.LoginTest.verifyLoggingIntoApplicationUsingChangedPassword(LoginTest.java:219)
at java.base/jdk.internal.reflect.DirectMethodHandleAccessor.invoke(DirectMethodHandleAccessor.java:103)
at java.base/java.lang.reflect.Method.invoke(Method.java:580)
at org.testng.internal.invokers.MethodInvocationHelper.invokeMethod(MethodInvocationHelper.java:141)
at org.testng.internal.invokers.TestInvoker.invokeMethod(TestInvoker.java:686)
at org.testng.internal.invokers.TestInvoker.invokeTestMethod(TestInvoker.java:230)
at org.testng.internal.invokers.MethodRunner.runInSequence(MethodRunner.java:63)
at org.testng.internal.invokers.TestInvoker$MethodInvocationAgent.invoke(TestInvoker.java:992)
at org.testng.internal.invokers.TestInvoker.invokeTestMethods(TestInvoker.java:203)
at org.testng.internal.invokers.TestMethodWorker.invokeTestMethods(TestMethodWorker.java:154)
at org.testng.internal.invokers.TestMethodWorker.run(TestMethodWorker.java:134)
at java.base/java.util.ArrayList.forEach(ArrayList.java:1596)
at org.testng.TestRunner.privateRun(TestRunner.java:739)
at org.testng.TestRunner.run(TestRunner.java:614)
at org.testng.SuiteRunner.runTest(SuiteRunner.java:421)
at org.testng.SuiteRunner.runSequentially(SuiteRunner.java:413)
at org.testng.SuiteRunner.privateRun(SuiteRunner.java:373)
at org.testng.SuiteRunner.run(SuiteRunner.java:312)
at org.testng.SuiteRunnerWorker.runSuite(SuiteRunnerWorker.java:52)
at org.testng.SuiteRunnerWorker.run(SuiteRunnerWorker.java:95)
at org.testng.TestNG.runSuitesSequentially(TestNG.java:1274)
at org.testng.TestNG.runSuitesLocally(TestNG.java:1208)
at org.testng.TestNG.runSuites(TestNG.java:1112)
at org.testng.TestNG.run(TestNG.java:1079)
at org.apache.maven.surefire.testng.TestNGExecutor.run(TestNGExecutor.java:308)
at org.apache.maven.surefire.testng.TestNGXmlTestSuite.execute(TestNGXmlTestSuite.java:71)
at org.apache.maven.surefire.testng.TestNGProvider.invoke(TestNGProvider.java:113)
at org.apache.maven.surefire.booter.ForkedBooter.runSuitesInProcess(ForkedBooter.java:385)
at org.apache.maven.surefire.booter.ForkedBooter.execute(ForkedBooter.java:162)
at org.apache.maven.surefire.booter.ForkedBooter.run(ForkedBooter.java:507)
at org.apache.maven.surefire.booter.ForkedBooter.main(ForkedBooter.java:495)
]]>
            </full-stacktrace>
          </exception> <!-- org.openqa.selenium.NoSuchElementException -->
          <reporter-output>
          </reporter-output>
        </test-method> <!-- verifyLoggingIntoApplicationUsingChangedPassword -->
        <test-method is-config="true" signature="teardown()[pri:0, instance:tests.LoginTest@59474f18]" started-at="2025-04-06T12:15:37 IST" name="teardown" finished-at="2025-04-06T12:15:37 IST" duration-ms="324" status="PASS">
          <reporter-output>
          </reporter-output>
        </test-method> <!-- teardown -->
        <test-method is-config="true" signature="setup()[pri:0, instance:tests.LoginTest@59474f18]" started-at="2025-04-06T12:15:37 IST" name="setup" finished-at="2025-04-06T12:15:42 IST" duration-ms="5472" status="PASS">
          <reporter-output>
          </reporter-output>
        </test-method> <!-- setup -->
        <test-method signature="verifyLoginPageNavigations()[pri:17, instance:tests.LoginTest@59474f18]" started-at="2025-04-06T12:15:42 IST" name="verifyLoginPageNavigations" finished-at="2025-04-06T12:16:19 IST" duration-ms="37026" status="PASS">
          <reporter-output>
          </reporter-output>
        </test-method> <!-- verifyLoginPageNavigations -->
        <test-method is-config="true" signature="teardown()[pri:0, instance:tests.LoginTest@59474f18]" started-at="2025-04-06T12:16:19 IST" name="teardown" finished-at="2025-04-06T12:16:20 IST" duration-ms="320" status="PASS">
          <reporter-output>
          </reporter-output>
        </test-method> <!-- teardown -->
        <test-method is-config="true" signature="setup()[pri:0, instance:tests.LoginTest@59474f18]" started-at="2025-04-06T12:16:20 IST" name="setup" finished-at="2025-04-06T12:16:25 IST" duration-ms="5240" status="PASS">
          <reporter-output>
          </reporter-output>
        </test-method> <!-- setup -->
        <test-method signature="verifyDifferrentWaysOfNavigatingToLoginPage()[pri:18, instance:tests.LoginTest@59474f18]" started-at="2025-04-06T12:16:25 IST" name="verifyDifferrentWaysOfNavigatingToLoginPage" finished-at="2025-04-06T12:16:27 IST" duration-ms="2451" status="PASS">
          <reporter-output>
          </reporter-output>
        </test-method> <!-- verifyDifferrentWaysOfNavigatingToLoginPage -->
        <test-method is-config="true" signature="teardown()[pri:0, instance:tests.LoginTest@59474f18]" started-at="2025-04-06T12:16:27 IST" name="teardown" finished-at="2025-04-06T12:16:28 IST" duration-ms="283" status="PASS">
          <reporter-output>
          </reporter-output>
        </test-method> <!-- teardown -->
        <test-method is-config="true" signature="setup()[pri:0, instance:tests.LoginTest@59474f18]" started-at="2025-04-06T12:16:28 IST" name="setup" finished-at="2025-04-06T12:16:33 IST" duration-ms="4895" status="PASS">
          <reporter-output>
          </reporter-output>
        </test-method> <!-- setup -->
        <test-method signature="verifyLoginPageBreadcrumbURLTitleHeading()[pri:19, instance:tests.LoginTest@59474f18]" started-at="2025-04-06T12:16:33 IST" name="verifyLoginPageBreadcrumbURLTitleHeading" finished-at="2025-04-06T12:16:33 IST" duration-ms="234" status="PASS">
          <reporter-output>
          </reporter-output>
        </test-method> <!-- verifyLoginPageBreadcrumbURLTitleHeading -->
        <test-method is-config="true" signature="teardown()[pri:0, instance:tests.LoginTest@59474f18]" started-at="2025-04-06T12:16:33 IST" name="teardown" finished-at="2025-04-06T12:16:33 IST" duration-ms="288" status="PASS">
          <reporter-output>
          </reporter-output>
        </test-method> <!-- teardown -->
        <test-method is-config="true" signature="setup()[pri:0, instance:tests.LoginTest@59474f18]" started-at="2025-04-06T12:16:33 IST" name="setup" finished-at="2025-04-06T12:16:38 IST" duration-ms="5252" status="PASS">
          <reporter-output>
          </reporter-output>
        </test-method> <!-- setup -->
        <test-method signature="verifyLoginPageUI()[pri:20, instance:tests.LoginTest@59474f18]" started-at="2025-04-06T12:16:38 IST" name="verifyLoginPageUI" finished-at="2025-04-06T12:16:39 IST" duration-ms="584" status="PASS">
          <reporter-output>
          </reporter-output>
        </test-method> <!-- verifyLoginPageUI -->
        <test-method is-config="true" signature="teardown()[pri:0, instance:tests.LoginTest@59474f18]" started-at="2025-04-06T12:16:39 IST" name="teardown" finished-at="2025-04-06T12:16:39 IST" duration-ms="280" status="PASS">
          <reporter-output>
          </reporter-output>
        </test-method> <!-- teardown -->
        <test-method is-config="true" signature="setup()[pri:0, instance:tests.LoginTest@59474f18]" started-at="2025-04-06T12:16:39 IST" name="setup" finished-at="2025-04-06T12:16:45 IST" duration-ms="5674" status="PASS">
          <reporter-output>
          </reporter-output>
        </test-method> <!-- setup -->
        <test-method signature="verifyLoginInAllEnvironments()[pri:21, instance:tests.LoginTest@59474f18]" started-at="2025-04-06T12:16:45 IST" name="verifyLoginInAllEnvironments" finished-at="2025-04-06T12:16:55 IST" duration-ms="10257" status="PASS">
          <reporter-output>
          </reporter-output>
        </test-method> <!-- verifyLoginInAllEnvironments -->
        <test-method is-config="true" signature="teardown()[pri:0, instance:tests.LoginTest@59474f18]" started-at="2025-04-06T12:16:55 IST" name="teardown" finished-at="2025-04-06T12:16:56 IST" duration-ms="414" status="PASS">
          <reporter-output>
          </reporter-output>
        </test-method> <!-- teardown -->
      </class> <!-- tests.LoginTest -->
      <class name="tests.RegisterTest">
        <test-method is-config="true" signature="setup()[pri:0, instance:tests.RegisterTest@4efbca5a]" started-at="2025-04-06T12:05:52 IST" name="setup" finished-at="2025-04-06T12:06:02 IST" duration-ms="9361" status="PASS">
          <reporter-output>
          </reporter-output>
        </test-method> <!-- setup -->
        <test-method signature="verifyRegisteringAccountUsingMandatoryFields()[pri:1, instance:tests.RegisterTest@4efbca5a]" started-at="2025-04-06T12:06:02 IST" name="verifyRegisteringAccountUsingMandatoryFields" finished-at="2025-04-06T12:06:07 IST" duration-ms="5332" status="PASS">
          <reporter-output>
          </reporter-output>
        </test-method> <!-- verifyRegisteringAccountUsingMandatoryFields -->
        <test-method is-config="true" signature="teardown()[pri:0, instance:tests.RegisterTest@4efbca5a]" started-at="2025-04-06T12:06:07 IST" name="teardown" finished-at="2025-04-06T12:06:07 IST" duration-ms="395" status="PASS">
          <reporter-output>
          </reporter-output>
        </test-method> <!-- teardown -->
        <test-method is-config="true" signature="setup()[pri:0, instance:tests.RegisterTest@4efbca5a]" started-at="2025-04-06T12:06:08 IST" name="setup" finished-at="2025-04-06T12:06:14 IST" duration-ms="6358" status="PASS">
          <reporter-output>
          </reporter-output>
        </test-method> <!-- setup -->
        <test-method signature="verifyThankYourConfirmationEmailOnSuccessfulRegistration()[pri:2, instance:tests.RegisterTest@4efbca5a]" started-at="2025-04-06T12:06:14 IST" name="verifyThankYourConfirmationEmailOnSuccessfulRegistration" finished-at="2025-04-06T12:06:21 IST" duration-ms="7583" status="PASS">
          <reporter-output>
          </reporter-output>
        </test-method> <!-- verifyThankYourConfirmationEmailOnSuccessfulRegistration -->
        <test-method is-config="true" signature="teardown()[pri:0, instance:tests.RegisterTest@4efbca5a]" started-at="2025-04-06T12:06:21 IST" name="teardown" finished-at="2025-04-06T12:06:22 IST" duration-ms="442" status="PASS">
          <reporter-output>
          </reporter-output>
        </test-method> <!-- teardown -->
        <test-method is-config="true" signature="setup()[pri:0, instance:tests.RegisterTest@4efbca5a]" started-at="2025-04-06T12:06:22 IST" name="setup" finished-at="2025-04-06T12:06:28 IST" duration-ms="6165" status="PASS">
          <reporter-output>
          </reporter-output>
        </test-method> <!-- setup -->
        <test-method signature="verifyRegistringAccountUsingAllFields()[pri:3, instance:tests.RegisterTest@4efbca5a]" started-at="2025-04-06T12:06:28 IST" name="verifyRegistringAccountUsingAllFields" finished-at="2025-04-06T12:06:35 IST" duration-ms="6762" status="PASS">
          <reporter-output>
          </reporter-output>
        </test-method> <!-- verifyRegistringAccountUsingAllFields -->
        <test-method is-config="true" signature="teardown()[pri:0, instance:tests.RegisterTest@4efbca5a]" started-at="2025-04-06T12:06:35 IST" name="teardown" finished-at="2025-04-06T12:06:35 IST" duration-ms="370" status="PASS">
          <reporter-output>
          </reporter-output>
        </test-method> <!-- teardown -->
        <test-method is-config="true" signature="setup()[pri:0, instance:tests.RegisterTest@4efbca5a]" started-at="2025-04-06T12:06:35 IST" name="setup" finished-at="2025-04-06T12:06:41 IST" duration-ms="6263" status="PASS">
          <reporter-output>
          </reporter-output>
        </test-method> <!-- setup -->
        <test-method signature="verifyWarningMessageOfMandatoryFieldsInRegisterAccountPage()[pri:4, instance:tests.RegisterTest@4efbca5a]" started-at="2025-04-06T12:06:41 IST" name="verifyWarningMessageOfMandatoryFieldsInRegisterAccountPage" finished-at="2025-04-06T12:06:43 IST" duration-ms="1401" status="PASS">
          <reporter-output>
          </reporter-output>
        </test-method> <!-- verifyWarningMessageOfMandatoryFieldsInRegisterAccountPage -->
        <test-method is-config="true" signature="teardown()[pri:0, instance:tests.RegisterTest@4efbca5a]" started-at="2025-04-06T12:06:43 IST" name="teardown" finished-at="2025-04-06T12:06:43 IST" duration-ms="303" status="PASS">
          <reporter-output>
          </reporter-output>
        </test-method> <!-- teardown -->
        <test-method is-config="true" signature="setup()[pri:0, instance:tests.RegisterTest@4efbca5a]" started-at="2025-04-06T12:06:43 IST" name="setup" finished-at="2025-04-06T12:06:49 IST" duration-ms="6115" status="PASS">
          <reporter-output>
          </reporter-output>
        </test-method> <!-- setup -->
        <test-method signature="verifyRegisteringAccountBySubscribingToNewsletter()[pri:5, instance:tests.RegisterTest@4efbca5a]" started-at="2025-04-06T12:06:49 IST" name="verifyRegisteringAccountBySubscribingToNewsletter" finished-at="2025-04-06T12:06:55 IST" duration-ms="6122" status="PASS">
          <reporter-output>
          </reporter-output>
        </test-method> <!-- verifyRegisteringAccountBySubscribingToNewsletter -->
        <test-method is-config="true" signature="teardown()[pri:0, instance:tests.RegisterTest@4efbca5a]" started-at="2025-04-06T12:06:55 IST" name="teardown" finished-at="2025-04-06T12:06:56 IST" duration-ms="360" status="PASS">
          <reporter-output>
          </reporter-output>
        </test-method> <!-- teardown -->
        <test-method is-config="true" signature="setup()[pri:0, instance:tests.RegisterTest@4efbca5a]" started-at="2025-04-06T12:06:56 IST" name="setup" finished-at="2025-04-06T12:07:02 IST" duration-ms="6126" status="PASS">
          <reporter-output>
          </reporter-output>
        </test-method> <!-- setup -->
        <test-method signature="verifyRegisteringAccountByNotSubscribingToNewsletter()[pri:6, instance:tests.RegisterTest@4efbca5a]" started-at="2025-04-06T12:07:02 IST" name="verifyRegisteringAccountByNotSubscribingToNewsletter" finished-at="2025-04-06T12:07:08 IST" duration-ms="5841" status="PASS">
          <reporter-output>
          </reporter-output>
        </test-method> <!-- verifyRegisteringAccountByNotSubscribingToNewsletter -->
        <test-method is-config="true" signature="teardown()[pri:0, instance:tests.RegisterTest@4efbca5a]" started-at="2025-04-06T12:07:08 IST" name="teardown" finished-at="2025-04-06T12:07:08 IST" duration-ms="406" status="PASS">
          <reporter-output>
          </reporter-output>
        </test-method> <!-- teardown -->
        <test-method is-config="true" signature="setup()[pri:0, instance:tests.RegisterTest@4efbca5a]" started-at="2025-04-06T12:07:08 IST" name="setup" finished-at="2025-04-06T12:07:14 IST" duration-ms="6055" status="PASS">
          <reporter-output>
          </reporter-output>
        </test-method> <!-- setup -->
        <test-method signature="verifyDifferentWaysOfNavigatingToRegisterAccountPage()[pri:7, instance:tests.RegisterTest@4efbca5a]" started-at="2025-04-06T12:07:14 IST" name="verifyDifferentWaysOfNavigatingToRegisterAccountPage" finished-at="2025-04-06T12:07:17 IST" duration-ms="3170" status="PASS">
          <reporter-output>
          </reporter-output>
        </test-method> <!-- verifyDifferentWaysOfNavigatingToRegisterAccountPage -->
        <test-method is-config="true" signature="teardown()[pri:0, instance:tests.RegisterTest@4efbca5a]" started-at="2025-04-06T12:07:17 IST" name="teardown" finished-at="2025-04-06T12:07:18 IST" duration-ms="361" status="PASS">
          <reporter-output>
          </reporter-output>
        </test-method> <!-- teardown -->
        <test-method is-config="true" signature="setup()[pri:0, instance:tests.RegisterTest@4efbca5a]" started-at="2025-04-06T12:07:18 IST" name="setup" finished-at="2025-04-06T12:07:24 IST" duration-ms="6230" status="PASS">
          <reporter-output>
          </reporter-output>
        </test-method> <!-- setup -->
        <test-method signature="verifyRegisteringAccountByProvidingMismatchedPasswords()[pri:8, instance:tests.RegisterTest@4efbca5a]" started-at="2025-04-06T12:07:24 IST" name="verifyRegisteringAccountByProvidingMismatchedPasswords" finished-at="2025-04-06T12:07:28 IST" duration-ms="4008" status="PASS">
          <reporter-output>
          </reporter-output>
        </test-method> <!-- verifyRegisteringAccountByProvidingMismatchedPasswords -->
        <test-method is-config="true" signature="teardown()[pri:0, instance:tests.RegisterTest@4efbca5a]" started-at="2025-04-06T12:07:28 IST" name="teardown" finished-at="2025-04-06T12:07:28 IST" duration-ms="380" status="PASS">
          <reporter-output>
          </reporter-output>
        </test-method> <!-- teardown -->
        <test-method is-config="true" signature="setup()[pri:0, instance:tests.RegisterTest@4efbca5a]" started-at="2025-04-06T12:07:28 IST" name="setup" finished-at="2025-04-06T12:07:34 IST" duration-ms="6020" status="PASS">
          <reporter-output>
          </reporter-output>
        </test-method> <!-- setup -->
        <test-method signature="verifyRegisterAccountWithExistingEmailAddress()[pri:9, instance:tests.RegisterTest@4efbca5a]" started-at="2025-04-06T12:07:34 IST" name="verifyRegisterAccountWithExistingEmailAddress" finished-at="2025-04-06T12:07:38 IST" duration-ms="3832" status="PASS">
          <reporter-output>
          </reporter-output>
        </test-method> <!-- verifyRegisterAccountWithExistingEmailAddress -->
        <test-method is-config="true" signature="teardown()[pri:0, instance:tests.RegisterTest@4efbca5a]" started-at="2025-04-06T12:07:38 IST" name="teardown" finished-at="2025-04-06T12:07:39 IST" duration-ms="336" status="PASS">
          <reporter-output>
          </reporter-output>
        </test-method> <!-- teardown -->
        <test-method is-config="true" signature="setup()[pri:0, instance:tests.RegisterTest@4efbca5a]" started-at="2025-04-06T12:07:39 IST" name="setup" finished-at="2025-04-06T12:07:45 IST" duration-ms="6013" status="PASS">
          <reporter-output>
          </reporter-output>
        </test-method> <!-- setup -->
        <test-method signature="verifyRegisteringAccountUsingInvalidEmail()[pri:10, instance:tests.RegisterTest@4efbca5a]" started-at="2025-04-06T12:07:45 IST" name="verifyRegisteringAccountUsingInvalidEmail" finished-at="2025-04-06T12:07:51 IST" duration-ms="6705" status="PASS">
          <reporter-output>
          </reporter-output>
        </test-method> <!-- verifyRegisteringAccountUsingInvalidEmail -->
        <test-method is-config="true" signature="teardown()[pri:0, instance:tests.RegisterTest@4efbca5a]" started-at="2025-04-06T12:07:51 IST" name="teardown" finished-at="2025-04-06T12:07:52 IST" duration-ms="465" status="PASS">
          <reporter-output>
          </reporter-output>
        </test-method> <!-- teardown -->
        <test-method is-config="true" signature="setup()[pri:0, instance:tests.RegisterTest@4efbca5a]" started-at="2025-04-06T12:07:52 IST" name="setup" finished-at="2025-04-06T12:07:58 IST" duration-ms="5818" status="PASS">
          <reporter-output>
          </reporter-output>
        </test-method> <!-- setup -->
        <test-method signature="verifyRegisteringAccountUsingInvalidTelephoneNumber()[pri:11, instance:tests.RegisterTest@4efbca5a]" started-at="2025-04-06T12:07:58 IST" name="verifyRegisteringAccountUsingInvalidTelephoneNumber" finished-at="2025-04-06T12:08:05 IST" duration-ms="7144" status="FAIL">
          <exception class="java.lang.AssertionError">
            <message>
              <![CDATA[expected [true] but found [false]]]>
            </message>
            <full-stacktrace>
              <![CDATA[java.lang.AssertionError: expected [true] but found [false]
at org.testng.Assert.fail(Assert.java:111)
at org.testng.Assert.failNotEquals(Assert.java:1578)
at org.testng.Assert.assertTrue(Assert.java:57)
at org.testng.Assert.assertTrue(Assert.java:67)
at tests.RegisterTest.verifyRegisteringAccountUsingInvalidTelephoneNumber(RegisterTest.java:373)
at java.base/jdk.internal.reflect.DirectMethodHandleAccessor.invoke(DirectMethodHandleAccessor.java:103)
at java.base/java.lang.reflect.Method.invoke(Method.java:580)
at org.testng.internal.invokers.MethodInvocationHelper.invokeMethod(MethodInvocationHelper.java:141)
at org.testng.internal.invokers.TestInvoker.invokeMethod(TestInvoker.java:686)
at org.testng.internal.invokers.TestInvoker.invokeTestMethod(TestInvoker.java:230)
at org.testng.internal.invokers.MethodRunner.runInSequence(MethodRunner.java:63)
at org.testng.internal.invokers.TestInvoker$MethodInvocationAgent.invoke(TestInvoker.java:992)
at org.testng.internal.invokers.TestInvoker.invokeTestMethods(TestInvoker.java:203)
at org.testng.internal.invokers.TestMethodWorker.invokeTestMethods(TestMethodWorker.java:154)
at org.testng.internal.invokers.TestMethodWorker.run(TestMethodWorker.java:134)
at java.base/java.util.ArrayList.forEach(ArrayList.java:1596)
at org.testng.TestRunner.privateRun(TestRunner.java:739)
at org.testng.TestRunner.run(TestRunner.java:614)
at org.testng.SuiteRunner.runTest(SuiteRunner.java:421)
at org.testng.SuiteRunner.runSequentially(SuiteRunner.java:413)
at org.testng.SuiteRunner.privateRun(SuiteRunner.java:373)
at org.testng.SuiteRunner.run(SuiteRunner.java:312)
at org.testng.SuiteRunnerWorker.runSuite(SuiteRunnerWorker.java:52)
at org.testng.SuiteRunnerWorker.run(SuiteRunnerWorker.java:95)
at org.testng.TestNG.runSuitesSequentially(TestNG.java:1274)
at org.testng.TestNG.runSuitesLocally(TestNG.java:1208)
at org.testng.TestNG.runSuites(TestNG.java:1112)
at org.testng.TestNG.run(TestNG.java:1079)
at org.apache.maven.surefire.testng.TestNGExecutor.run(TestNGExecutor.java:308)
at org.apache.maven.surefire.testng.TestNGXmlTestSuite.execute(TestNGXmlTestSuite.java:71)
at org.apache.maven.surefire.testng.TestNGProvider.invoke(TestNGProvider.java:113)
at org.apache.maven.surefire.booter.ForkedBooter.runSuitesInProcess(ForkedBooter.java:385)
at org.apache.maven.surefire.booter.ForkedBooter.execute(ForkedBooter.java:162)
at org.apache.maven.surefire.booter.ForkedBooter.run(ForkedBooter.java:507)
at org.apache.maven.surefire.booter.ForkedBooter.main(ForkedBooter.java:495)
]]>
            </full-stacktrace>
          </exception> <!-- java.lang.AssertionError -->
          <reporter-output>
          </reporter-output>
        </test-method> <!-- verifyRegisteringAccountUsingInvalidTelephoneNumber -->
        <test-method is-config="true" signature="teardown()[pri:0, instance:tests.RegisterTest@4efbca5a]" started-at="2025-04-06T12:08:05 IST" name="teardown" finished-at="2025-04-06T12:08:06 IST" duration-ms="447" status="PASS">
          <reporter-output>
          </reporter-output>
        </test-method> <!-- teardown -->
        <test-method is-config="true" signature="setup()[pri:0, instance:tests.RegisterTest@4efbca5a]" started-at="2025-04-06T12:08:06 IST" name="setup" finished-at="2025-04-06T12:08:11 IST" duration-ms="5651" status="PASS">
          <reporter-output>
          </reporter-output>
        </test-method> <!-- setup -->
        <test-method signature="verifyRegisteringAccountUsingKeyboardKeys()[pri:12, instance:tests.RegisterTest@4efbca5a]" started-at="2025-04-06T12:08:11 IST" name="verifyRegisteringAccountUsingKeyboardKeys" finished-at="2025-04-06T12:08:15 IST" duration-ms="3469" status="PASS">
          <reporter-output>
          </reporter-output>
        </test-method> <!-- verifyRegisteringAccountUsingKeyboardKeys -->
        <test-method is-config="true" signature="teardown()[pri:0, instance:tests.RegisterTest@4efbca5a]" started-at="2025-04-06T12:08:15 IST" name="teardown" finished-at="2025-04-06T12:08:15 IST" duration-ms="320" status="PASS">
          <reporter-output>
          </reporter-output>
        </test-method> <!-- teardown -->
        <test-method is-config="true" signature="setup()[pri:0, instance:tests.RegisterTest@4efbca5a]" started-at="2025-04-06T12:08:15 IST" name="setup" finished-at="2025-04-06T12:08:22 IST" duration-ms="6677" status="PASS">
          <reporter-output>
          </reporter-output>
        </test-method> <!-- setup -->
        <test-method signature="verifyRegisterAccountPagePlaceholders()[pri:13, instance:tests.RegisterTest@4efbca5a]" started-at="2025-04-06T12:08:22 IST" name="verifyRegisterAccountPagePlaceholders" finished-at="2025-04-06T12:08:22 IST" duration-ms="272" status="PASS">
          <reporter-output>
          </reporter-output>
        </test-method> <!-- verifyRegisterAccountPagePlaceholders -->
        <test-method is-config="true" signature="teardown()[pri:0, instance:tests.RegisterTest@4efbca5a]" started-at="2025-04-06T12:08:22 IST" name="teardown" finished-at="2025-04-06T12:08:22 IST" duration-ms="507" status="PASS">
          <reporter-output>
          </reporter-output>
        </test-method> <!-- teardown -->
        <test-method is-config="true" signature="setup()[pri:0, instance:tests.RegisterTest@4efbca5a]" started-at="2025-04-06T12:08:22 IST" name="setup" finished-at="2025-04-06T12:08:27 IST" duration-ms="4878" status="PASS">
          <reporter-output>
          </reporter-output>
        </test-method> <!-- setup -->
        <test-method signature="verifyMandatoryFieldsInRegisterAccountPage()[pri:14, instance:tests.RegisterTest@4efbca5a]" started-at="2025-04-06T12:08:27 IST" name="verifyMandatoryFieldsInRegisterAccountPage" finished-at="2025-04-06T12:08:28 IST" duration-ms="411" status="FAIL">
          <exception class="java.lang.AssertionError">
            <message>
              <![CDATA[expected ["* "] but found [none]]]>
            </message>
            <full-stacktrace>
              <![CDATA[java.lang.AssertionError: expected ["* "] but found [none]
at org.testng.Assert.fail(Assert.java:111)
at org.testng.Assert.failNotEquals(Assert.java:1578)
at org.testng.Assert.assertEqualsImpl(Assert.java:150)
at org.testng.Assert.assertEquals(Assert.java:132)
at org.testng.Assert.assertEquals(Assert.java:656)
at org.testng.Assert.assertEquals(Assert.java:666)
at tests.RegisterTest.verifyMandatoryFieldsInRegisterAccountPage(RegisterTest.java:475)
at java.base/jdk.internal.reflect.DirectMethodHandleAccessor.invoke(DirectMethodHandleAccessor.java:103)
at java.base/java.lang.reflect.Method.invoke(Method.java:580)
at org.testng.internal.invokers.MethodInvocationHelper.invokeMethod(MethodInvocationHelper.java:141)
at org.testng.internal.invokers.TestInvoker.invokeMethod(TestInvoker.java:686)
at org.testng.internal.invokers.TestInvoker.invokeTestMethod(TestInvoker.java:230)
at org.testng.internal.invokers.MethodRunner.runInSequence(MethodRunner.java:63)
at org.testng.internal.invokers.TestInvoker$MethodInvocationAgent.invoke(TestInvoker.java:992)
at org.testng.internal.invokers.TestInvoker.invokeTestMethods(TestInvoker.java:203)
at org.testng.internal.invokers.TestMethodWorker.invokeTestMethods(TestMethodWorker.java:154)
at org.testng.internal.invokers.TestMethodWorker.run(TestMethodWorker.java:134)
at java.base/java.util.ArrayList.forEach(ArrayList.java:1596)
at org.testng.TestRunner.privateRun(TestRunner.java:739)
at org.testng.TestRunner.run(TestRunner.java:614)
at org.testng.SuiteRunner.runTest(SuiteRunner.java:421)
at org.testng.SuiteRunner.runSequentially(SuiteRunner.java:413)
at org.testng.SuiteRunner.privateRun(SuiteRunner.java:373)
at org.testng.SuiteRunner.run(SuiteRunner.java:312)
at org.testng.SuiteRunnerWorker.runSuite(SuiteRunnerWorker.java:52)
at org.testng.SuiteRunnerWorker.run(SuiteRunnerWorker.java:95)
at org.testng.TestNG.runSuitesSequentially(TestNG.java:1274)
at org.testng.TestNG.runSuitesLocally(TestNG.java:1208)
at org.testng.TestNG.runSuites(TestNG.java:1112)
at org.testng.TestNG.run(TestNG.java:1079)
at org.apache.maven.surefire.testng.TestNGExecutor.run(TestNGExecutor.java:308)
at org.apache.maven.surefire.testng.TestNGXmlTestSuite.execute(TestNGXmlTestSuite.java:71)
at org.apache.maven.surefire.testng.TestNGProvider.invoke(TestNGProvider.java:113)
at org.apache.maven.surefire.booter.ForkedBooter.runSuitesInProcess(ForkedBooter.java:385)
at org.apache.maven.surefire.booter.ForkedBooter.execute(ForkedBooter.java:162)
at org.apache.maven.surefire.booter.ForkedBooter.run(ForkedBooter.java:507)
at org.apache.maven.surefire.booter.ForkedBooter.main(ForkedBooter.java:495)
]]>
            </full-stacktrace>
          </exception> <!-- java.lang.AssertionError -->
          <reporter-output>
          </reporter-output>
        </test-method> <!-- verifyMandatoryFieldsInRegisterAccountPage -->
        <test-method is-config="true" signature="teardown()[pri:0, instance:tests.RegisterTest@4efbca5a]" started-at="2025-04-06T12:08:28 IST" name="teardown" finished-at="2025-04-06T12:08:28 IST" duration-ms="264" status="PASS">
          <reporter-output>
          </reporter-output>
        </test-method> <!-- teardown -->
        <test-method is-config="true" signature="setup()[pri:0, instance:tests.RegisterTest@4efbca5a]" started-at="2025-04-06T12:08:28 IST" name="setup" finished-at="2025-04-06T12:08:35 IST" duration-ms="6310" status="PASS">
          <reporter-output>
          </reporter-output>
        </test-method> <!-- setup -->
        <test-method signature="verifyRegisteringAccountByEnteringOnlySpaces()[pri:16, instance:tests.RegisterTest@4efbca5a]" started-at="2025-04-06T12:08:35 IST" name="verifyRegisteringAccountByEnteringOnlySpaces" finished-at="2025-04-06T12:08:41 IST" duration-ms="6837" status="FAIL">
          <exception class="java.lang.AssertionError">
            <message>
              <![CDATA[expected [Telephone does not appear to be valid!] but found []]]>
            </message>
            <full-stacktrace>
              <![CDATA[java.lang.AssertionError: expected [Telephone does not appear to be valid!] but found []
at org.testng.Assert.fail(Assert.java:111)
at org.testng.Assert.failNotEquals(Assert.java:1578)
at org.testng.Assert.assertEqualsImpl(Assert.java:150)
at org.testng.Assert.assertEquals(Assert.java:132)
at org.testng.Assert.assertEquals(Assert.java:656)
at org.testng.Assert.assertEquals(Assert.java:666)
at tests.RegisterTest.verifyRegisteringAccountByEnteringOnlySpaces(RegisterTest.java:576)
at java.base/jdk.internal.reflect.DirectMethodHandleAccessor.invoke(DirectMethodHandleAccessor.java:103)
at java.base/java.lang.reflect.Method.invoke(Method.java:580)
at org.testng.internal.invokers.MethodInvocationHelper.invokeMethod(MethodInvocationHelper.java:141)
at org.testng.internal.invokers.TestInvoker.invokeMethod(TestInvoker.java:686)
at org.testng.internal.invokers.TestInvoker.invokeTestMethod(TestInvoker.java:230)
at org.testng.internal.invokers.MethodRunner.runInSequence(MethodRunner.java:63)
at org.testng.internal.invokers.TestInvoker$MethodInvocationAgent.invoke(TestInvoker.java:992)
at org.testng.internal.invokers.TestInvoker.invokeTestMethods(TestInvoker.java:203)
at org.testng.internal.invokers.TestMethodWorker.invokeTestMethods(TestMethodWorker.java:154)
at org.testng.internal.invokers.TestMethodWorker.run(TestMethodWorker.java:134)
at java.base/java.util.ArrayList.forEach(ArrayList.java:1596)
at org.testng.TestRunner.privateRun(TestRunner.java:739)
at org.testng.TestRunner.run(TestRunner.java:614)
at org.testng.SuiteRunner.runTest(SuiteRunner.java:421)
at org.testng.SuiteRunner.runSequentially(SuiteRunner.java:413)
at org.testng.SuiteRunner.privateRun(SuiteRunner.java:373)
at org.testng.SuiteRunner.run(SuiteRunner.java:312)
at org.testng.SuiteRunnerWorker.runSuite(SuiteRunnerWorker.java:52)
at org.testng.SuiteRunnerWorker.run(SuiteRunnerWorker.java:95)
at org.testng.TestNG.runSuitesSequentially(TestNG.java:1274)
at org.testng.TestNG.runSuitesLocally(TestNG.java:1208)
at org.testng.TestNG.runSuites(TestNG.java:1112)
at org.testng.TestNG.run(TestNG.java:1079)
at org.apache.maven.surefire.testng.TestNGExecutor.run(TestNGExecutor.java:308)
at org.apache.maven.surefire.testng.TestNGXmlTestSuite.execute(TestNGXmlTestSuite.java:71)
at org.apache.maven.surefire.testng.TestNGProvider.invoke(TestNGProvider.java:113)
at org.apache.maven.surefire.booter.ForkedBooter.runSuitesInProcess(ForkedBooter.java:385)
at org.apache.maven.surefire.booter.ForkedBooter.execute(ForkedBooter.java:162)
at org.apache.maven.surefire.booter.ForkedBooter.run(ForkedBooter.java:507)
at org.apache.maven.surefire.booter.ForkedBooter.main(ForkedBooter.java:495)
]]>
            </full-stacktrace>
          </exception> <!-- java.lang.AssertionError -->
          <reporter-output>
          </reporter-output>
        </test-method> <!-- verifyRegisteringAccountByEnteringOnlySpaces -->
        <test-method is-config="true" signature="teardown()[pri:0, instance:tests.RegisterTest@4efbca5a]" started-at="2025-04-06T12:08:42 IST" name="teardown" finished-at="2025-04-06T12:08:44 IST" duration-ms="1946" status="PASS">
          <reporter-output>
          </reporter-output>
        </test-method> <!-- teardown -->
        <test-method is-config="true" signature="setup()[pri:0, instance:tests.RegisterTest@4efbca5a]" started-at="2025-04-06T12:08:46 IST" name="setup" finished-at="2025-04-06T12:08:51 IST" duration-ms="5758" status="PASS">
          <reporter-output>
          </reporter-output>
        </test-method> <!-- setup -->
        <test-method signature="verifyRegisteringAccountUsingPasswordsWhichAreNotFollowingPasswordComplexityStandards(java.util.HashMap)[pri:17, instance:tests.RegisterTest@4efbca5a]" started-at="2025-04-06T12:08:51 IST" name="verifyRegisteringAccountUsingPasswordsWhichAreNotFollowingPasswordComplexityStandards" data-provider="passwordSupplier" finished-at="2025-04-06T12:08:59 IST" duration-ms="7936" status="FAIL">
          <params>
            <param index="0">
              <value>
                <![CDATA[{Passwords=12345.0}]]>
              </value>
            </param>
          </params>
          <exception class="java.lang.AssertionError">
            <message>
              <![CDATA[expected [true] but found [false]]]>
            </message>
            <full-stacktrace>
              <![CDATA[java.lang.AssertionError: expected [true] but found [false]
at org.testng.Assert.fail(Assert.java:111)
at org.testng.Assert.failNotEquals(Assert.java:1578)
at org.testng.Assert.assertTrue(Assert.java:57)
at org.testng.Assert.assertTrue(Assert.java:67)
at tests.RegisterTest.verifyRegisteringAccountUsingPasswordsWhichAreNotFollowingPasswordComplexityStandards(RegisterTest.java:608)
at java.base/jdk.internal.reflect.DirectMethodHandleAccessor.invoke(DirectMethodHandleAccessor.java:103)
at java.base/java.lang.reflect.Method.invoke(Method.java:580)
at org.testng.internal.invokers.MethodInvocationHelper.invokeMethod(MethodInvocationHelper.java:141)
at org.testng.internal.invokers.TestInvoker.invokeMethod(TestInvoker.java:686)
at org.testng.internal.invokers.TestInvoker.invokeTestMethod(TestInvoker.java:230)
at org.testng.internal.invokers.MethodRunner.runInSequence(MethodRunner.java:63)
at org.testng.internal.invokers.TestInvoker$MethodInvocationAgent.invoke(TestInvoker.java:992)
at org.testng.internal.invokers.TestInvoker.invokeTestMethods(TestInvoker.java:203)
at org.testng.internal.invokers.TestMethodWorker.invokeTestMethods(TestMethodWorker.java:154)
at org.testng.internal.invokers.TestMethodWorker.run(TestMethodWorker.java:134)
at java.base/java.util.ArrayList.forEach(ArrayList.java:1596)
at org.testng.TestRunner.privateRun(TestRunner.java:739)
at org.testng.TestRunner.run(TestRunner.java:614)
at org.testng.SuiteRunner.runTest(SuiteRunner.java:421)
at org.testng.SuiteRunner.runSequentially(SuiteRunner.java:413)
at org.testng.SuiteRunner.privateRun(SuiteRunner.java:373)
at org.testng.SuiteRunner.run(SuiteRunner.java:312)
at org.testng.SuiteRunnerWorker.runSuite(SuiteRunnerWorker.java:52)
at org.testng.SuiteRunnerWorker.run(SuiteRunnerWorker.java:95)
at org.testng.TestNG.runSuitesSequentially(TestNG.java:1274)
at org.testng.TestNG.runSuitesLocally(TestNG.java:1208)
at org.testng.TestNG.runSuites(TestNG.java:1112)
at org.testng.TestNG.run(TestNG.java:1079)
at org.apache.maven.surefire.testng.TestNGExecutor.run(TestNGExecutor.java:308)
at org.apache.maven.surefire.testng.TestNGXmlTestSuite.execute(TestNGXmlTestSuite.java:71)
at org.apache.maven.surefire.testng.TestNGProvider.invoke(TestNGProvider.java:113)
at org.apache.maven.surefire.booter.ForkedBooter.runSuitesInProcess(ForkedBooter.java:385)
at org.apache.maven.surefire.booter.ForkedBooter.execute(ForkedBooter.java:162)
at org.apache.maven.surefire.booter.ForkedBooter.run(ForkedBooter.java:507)
at org.apache.maven.surefire.booter.ForkedBooter.main(ForkedBooter.java:495)
]]>
            </full-stacktrace>
          </exception> <!-- java.lang.AssertionError -->
          <reporter-output>
          </reporter-output>
        </test-method> <!-- verifyRegisteringAccountUsingPasswordsWhichAreNotFollowingPasswordComplexityStandards -->
        <test-method is-config="true" signature="teardown()[pri:0, instance:tests.RegisterTest@4efbca5a]" started-at="2025-04-06T12:09:00 IST" name="teardown" finished-at="2025-04-06T12:09:02 IST" duration-ms="1901" status="PASS">
          <reporter-output>
          </reporter-output>
        </test-method> <!-- teardown -->
        <test-method is-config="true" signature="setup()[pri:0, instance:tests.RegisterTest@4efbca5a]" started-at="2025-04-06T12:09:02 IST" name="setup" finished-at="2025-04-06T12:09:08 IST" duration-ms="6143" status="PASS">
          <reporter-output>
          </reporter-output>
        </test-method> <!-- setup -->
        <test-method signature="verifyRegisteringAccountUsingPasswordsWhichAreNotFollowingPasswordComplexityStandards(java.util.HashMap)[pri:17, instance:tests.RegisterTest@4efbca5a]" started-at="2025-04-06T12:09:08 IST" name="verifyRegisteringAccountUsingPasswordsWhichAreNotFollowingPasswordComplexityStandards" data-provider="passwordSupplier" finished-at="2025-04-06T12:09:15 IST" duration-ms="7724" status="FAIL">
          <params>
            <param index="0">
              <value>
                <![CDATA[{Passwords=abcdefghi}]]>
              </value>
            </param>
          </params>
          <exception class="java.lang.AssertionError">
            <message>
              <![CDATA[expected [true] but found [false]]]>
            </message>
            <full-stacktrace>
              <![CDATA[java.lang.AssertionError: expected [true] but found [false]
at org.testng.Assert.fail(Assert.java:111)
at org.testng.Assert.failNotEquals(Assert.java:1578)
at org.testng.Assert.assertTrue(Assert.java:57)
at org.testng.Assert.assertTrue(Assert.java:67)
at tests.RegisterTest.verifyRegisteringAccountUsingPasswordsWhichAreNotFollowingPasswordComplexityStandards(RegisterTest.java:608)
at java.base/jdk.internal.reflect.DirectMethodHandleAccessor.invoke(DirectMethodHandleAccessor.java:103)
at java.base/java.lang.reflect.Method.invoke(Method.java:580)
at org.testng.internal.invokers.MethodInvocationHelper.invokeMethod(MethodInvocationHelper.java:141)
at org.testng.internal.invokers.TestInvoker.invokeMethod(TestInvoker.java:686)
at org.testng.internal.invokers.TestInvoker.invokeTestMethod(TestInvoker.java:230)
at org.testng.internal.invokers.MethodRunner.runInSequence(MethodRunner.java:63)
at org.testng.internal.invokers.TestInvoker$MethodInvocationAgent.invoke(TestInvoker.java:992)
at org.testng.internal.invokers.TestInvoker.invokeTestMethods(TestInvoker.java:203)
at org.testng.internal.invokers.TestMethodWorker.invokeTestMethods(TestMethodWorker.java:154)
at org.testng.internal.invokers.TestMethodWorker.run(TestMethodWorker.java:134)
at java.base/java.util.ArrayList.forEach(ArrayList.java:1596)
at org.testng.TestRunner.privateRun(TestRunner.java:739)
at org.testng.TestRunner.run(TestRunner.java:614)
at org.testng.SuiteRunner.runTest(SuiteRunner.java:421)
at org.testng.SuiteRunner.runSequentially(SuiteRunner.java:413)
at org.testng.SuiteRunner.privateRun(SuiteRunner.java:373)
at org.testng.SuiteRunner.run(SuiteRunner.java:312)
at org.testng.SuiteRunnerWorker.runSuite(SuiteRunnerWorker.java:52)
at org.testng.SuiteRunnerWorker.run(SuiteRunnerWorker.java:95)
at org.testng.TestNG.runSuitesSequentially(TestNG.java:1274)
at org.testng.TestNG.runSuitesLocally(TestNG.java:1208)
at org.testng.TestNG.runSuites(TestNG.java:1112)
at org.testng.TestNG.run(TestNG.java:1079)
at org.apache.maven.surefire.testng.TestNGExecutor.run(TestNGExecutor.java:308)
at org.apache.maven.surefire.testng.TestNGXmlTestSuite.execute(TestNGXmlTestSuite.java:71)
at org.apache.maven.surefire.testng.TestNGProvider.invoke(TestNGProvider.java:113)
at org.apache.maven.surefire.booter.ForkedBooter.runSuitesInProcess(ForkedBooter.java:385)
at org.apache.maven.surefire.booter.ForkedBooter.execute(ForkedBooter.java:162)
at org.apache.maven.surefire.booter.ForkedBooter.run(ForkedBooter.java:507)
at org.apache.maven.surefire.booter.ForkedBooter.main(ForkedBooter.java:495)
]]>
            </full-stacktrace>
          </exception> <!-- java.lang.AssertionError -->
          <reporter-output>
          </reporter-output>
        </test-method> <!-- verifyRegisteringAccountUsingPasswordsWhichAreNotFollowingPasswordComplexityStandards -->
        <test-method is-config="true" signature="teardown()[pri:0, instance:tests.RegisterTest@4efbca5a]" started-at="2025-04-06T12:09:16 IST" name="teardown" finished-at="2025-04-06T12:09:18 IST" duration-ms="1921" status="PASS">
          <reporter-output>
          </reporter-output>
        </test-method> <!-- teardown -->
        <test-method is-config="true" signature="setup()[pri:0, instance:tests.RegisterTest@4efbca5a]" started-at="2025-04-06T12:09:18 IST" name="setup" finished-at="2025-04-06T12:09:23 IST" duration-ms="5600" status="PASS">
          <reporter-output>
          </reporter-output>
        </test-method> <!-- setup -->
        <test-method signature="verifyRegisteringAccountUsingPasswordsWhichAreNotFollowingPasswordComplexityStandards(java.util.HashMap)[pri:17, instance:tests.RegisterTest@4efbca5a]" started-at="2025-04-06T12:09:23 IST" name="verifyRegisteringAccountUsingPasswordsWhichAreNotFollowingPasswordComplexityStandards" data-provider="passwordSupplier" finished-at="2025-04-06T12:09:30 IST" duration-ms="7206" status="FAIL">
          <params>
            <param index="0">
              <value>
                <![CDATA[{Passwords=abcd1234}]]>
              </value>
            </param>
          </params>
          <exception class="java.lang.AssertionError">
            <message>
              <![CDATA[expected [true] but found [false]]]>
            </message>
            <full-stacktrace>
              <![CDATA[java.lang.AssertionError: expected [true] but found [false]
at org.testng.Assert.fail(Assert.java:111)
at org.testng.Assert.failNotEquals(Assert.java:1578)
at org.testng.Assert.assertTrue(Assert.java:57)
at org.testng.Assert.assertTrue(Assert.java:67)
at tests.RegisterTest.verifyRegisteringAccountUsingPasswordsWhichAreNotFollowingPasswordComplexityStandards(RegisterTest.java:608)
at java.base/jdk.internal.reflect.DirectMethodHandleAccessor.invoke(DirectMethodHandleAccessor.java:103)
at java.base/java.lang.reflect.Method.invoke(Method.java:580)
at org.testng.internal.invokers.MethodInvocationHelper.invokeMethod(MethodInvocationHelper.java:141)
at org.testng.internal.invokers.TestInvoker.invokeMethod(TestInvoker.java:686)
at org.testng.internal.invokers.TestInvoker.invokeTestMethod(TestInvoker.java:230)
at org.testng.internal.invokers.MethodRunner.runInSequence(MethodRunner.java:63)
at org.testng.internal.invokers.TestInvoker$MethodInvocationAgent.invoke(TestInvoker.java:992)
at org.testng.internal.invokers.TestInvoker.invokeTestMethods(TestInvoker.java:203)
at org.testng.internal.invokers.TestMethodWorker.invokeTestMethods(TestMethodWorker.java:154)
at org.testng.internal.invokers.TestMethodWorker.run(TestMethodWorker.java:134)
at java.base/java.util.ArrayList.forEach(ArrayList.java:1596)
at org.testng.TestRunner.privateRun(TestRunner.java:739)
at org.testng.TestRunner.run(TestRunner.java:614)
at org.testng.SuiteRunner.runTest(SuiteRunner.java:421)
at org.testng.SuiteRunner.runSequentially(SuiteRunner.java:413)
at org.testng.SuiteRunner.privateRun(SuiteRunner.java:373)
at org.testng.SuiteRunner.run(SuiteRunner.java:312)
at org.testng.SuiteRunnerWorker.runSuite(SuiteRunnerWorker.java:52)
at org.testng.SuiteRunnerWorker.run(SuiteRunnerWorker.java:95)
at org.testng.TestNG.runSuitesSequentially(TestNG.java:1274)
at org.testng.TestNG.runSuitesLocally(TestNG.java:1208)
at org.testng.TestNG.runSuites(TestNG.java:1112)
at org.testng.TestNG.run(TestNG.java:1079)
at org.apache.maven.surefire.testng.TestNGExecutor.run(TestNGExecutor.java:308)
at org.apache.maven.surefire.testng.TestNGXmlTestSuite.execute(TestNGXmlTestSuite.java:71)
at org.apache.maven.surefire.testng.TestNGProvider.invoke(TestNGProvider.java:113)
at org.apache.maven.surefire.booter.ForkedBooter.runSuitesInProcess(ForkedBooter.java:385)
at org.apache.maven.surefire.booter.ForkedBooter.execute(ForkedBooter.java:162)
at org.apache.maven.surefire.booter.ForkedBooter.run(ForkedBooter.java:507)
at org.apache.maven.surefire.booter.ForkedBooter.main(ForkedBooter.java:495)
]]>
            </full-stacktrace>
          </exception> <!-- java.lang.AssertionError -->
          <reporter-output>
          </reporter-output>
        </test-method> <!-- verifyRegisteringAccountUsingPasswordsWhichAreNotFollowingPasswordComplexityStandards -->
        <test-method is-config="true" signature="teardown()[pri:0, instance:tests.RegisterTest@4efbca5a]" started-at="2025-04-06T12:09:31 IST" name="teardown" finished-at="2025-04-06T12:09:31 IST" duration-ms="499" status="PASS">
          <reporter-output>
          </reporter-output>
        </test-method> <!-- teardown -->
        <test-method is-config="true" signature="setup()[pri:0, instance:tests.RegisterTest@4efbca5a]" started-at="2025-04-06T12:09:31 IST" name="setup" finished-at="2025-04-06T12:09:37 IST" duration-ms="5753" status="PASS">
          <reporter-output>
          </reporter-output>
        </test-method> <!-- setup -->
        <test-method signature="verifyRegisteringAccountUsingPasswordsWhichAreNotFollowingPasswordComplexityStandards(java.util.HashMap)[pri:17, instance:tests.RegisterTest@4efbca5a]" started-at="2025-04-06T12:09:37 IST" name="verifyRegisteringAccountUsingPasswordsWhichAreNotFollowingPasswordComplexityStandards" data-provider="passwordSupplier" finished-at="2025-04-06T12:09:44 IST" duration-ms="7279" status="FAIL">
          <params>
            <param index="0">
              <value>
                <![CDATA[{Passwords=abcd123$}]]>
              </value>
            </param>
          </params>
          <exception class="java.lang.AssertionError">
            <message>
              <![CDATA[expected [true] but found [false]]]>
            </message>
            <full-stacktrace>
              <![CDATA[java.lang.AssertionError: expected [true] but found [false]
at org.testng.Assert.fail(Assert.java:111)
at org.testng.Assert.failNotEquals(Assert.java:1578)
at org.testng.Assert.assertTrue(Assert.java:57)
at org.testng.Assert.assertTrue(Assert.java:67)
at tests.RegisterTest.verifyRegisteringAccountUsingPasswordsWhichAreNotFollowingPasswordComplexityStandards(RegisterTest.java:608)
at java.base/jdk.internal.reflect.DirectMethodHandleAccessor.invoke(DirectMethodHandleAccessor.java:103)
at java.base/java.lang.reflect.Method.invoke(Method.java:580)
at org.testng.internal.invokers.MethodInvocationHelper.invokeMethod(MethodInvocationHelper.java:141)
at org.testng.internal.invokers.TestInvoker.invokeMethod(TestInvoker.java:686)
at org.testng.internal.invokers.TestInvoker.invokeTestMethod(TestInvoker.java:230)
at org.testng.internal.invokers.MethodRunner.runInSequence(MethodRunner.java:63)
at org.testng.internal.invokers.TestInvoker$MethodInvocationAgent.invoke(TestInvoker.java:992)
at org.testng.internal.invokers.TestInvoker.invokeTestMethods(TestInvoker.java:203)
at org.testng.internal.invokers.TestMethodWorker.invokeTestMethods(TestMethodWorker.java:154)
at org.testng.internal.invokers.TestMethodWorker.run(TestMethodWorker.java:134)
at java.base/java.util.ArrayList.forEach(ArrayList.java:1596)
at org.testng.TestRunner.privateRun(TestRunner.java:739)
at org.testng.TestRunner.run(TestRunner.java:614)
at org.testng.SuiteRunner.runTest(SuiteRunner.java:421)
at org.testng.SuiteRunner.runSequentially(SuiteRunner.java:413)
at org.testng.SuiteRunner.privateRun(SuiteRunner.java:373)
at org.testng.SuiteRunner.run(SuiteRunner.java:312)
at org.testng.SuiteRunnerWorker.runSuite(SuiteRunnerWorker.java:52)
at org.testng.SuiteRunnerWorker.run(SuiteRunnerWorker.java:95)
at org.testng.TestNG.runSuitesSequentially(TestNG.java:1274)
at org.testng.TestNG.runSuitesLocally(TestNG.java:1208)
at org.testng.TestNG.runSuites(TestNG.java:1112)
at org.testng.TestNG.run(TestNG.java:1079)
at org.apache.maven.surefire.testng.TestNGExecutor.run(TestNGExecutor.java:308)
at org.apache.maven.surefire.testng.TestNGXmlTestSuite.execute(TestNGXmlTestSuite.java:71)
at org.apache.maven.surefire.testng.TestNGProvider.invoke(TestNGProvider.java:113)
at org.apache.maven.surefire.booter.ForkedBooter.runSuitesInProcess(ForkedBooter.java:385)
at org.apache.maven.surefire.booter.ForkedBooter.execute(ForkedBooter.java:162)
at org.apache.maven.surefire.booter.ForkedBooter.run(ForkedBooter.java:507)
at org.apache.maven.surefire.booter.ForkedBooter.main(ForkedBooter.java:495)
]]>
            </full-stacktrace>
          </exception> <!-- java.lang.AssertionError -->
          <reporter-output>
          </reporter-output>
        </test-method> <!-- verifyRegisteringAccountUsingPasswordsWhichAreNotFollowingPasswordComplexityStandards -->
        <test-method is-config="true" signature="teardown()[pri:0, instance:tests.RegisterTest@4efbca5a]" started-at="2025-04-06T12:09:44 IST" name="teardown" finished-at="2025-04-06T12:09:45 IST" duration-ms="377" status="PASS">
          <reporter-output>
          </reporter-output>
        </test-method> <!-- teardown -->
        <test-method is-config="true" signature="setup()[pri:0, instance:tests.RegisterTest@4efbca5a]" started-at="2025-04-06T12:09:45 IST" name="setup" finished-at="2025-04-06T12:09:50 IST" duration-ms="5601" status="PASS">
          <reporter-output>
          </reporter-output>
        </test-method> <!-- setup -->
        <test-method signature="verifyRegisteringAccountUsingPasswordsWhichAreNotFollowingPasswordComplexityStandards(java.util.HashMap)[pri:17, instance:tests.RegisterTest@4efbca5a]" started-at="2025-04-06T12:09:50 IST" name="verifyRegisteringAccountUsingPasswordsWhichAreNotFollowingPasswordComplexityStandards" data-provider="passwordSupplier" finished-at="2025-04-06T12:09:58 IST" duration-ms="7891" status="FAIL">
          <params>
            <param index="0">
              <value>
                <![CDATA[{Passwords=ABCD456#}]]>
              </value>
            </param>
          </params>
          <exception class="java.lang.AssertionError">
            <message>
              <![CDATA[expected [true] but found [false]]]>
            </message>
            <full-stacktrace>
              <![CDATA[java.lang.AssertionError: expected [true] but found [false]
at org.testng.Assert.fail(Assert.java:111)
at org.testng.Assert.failNotEquals(Assert.java:1578)
at org.testng.Assert.assertTrue(Assert.java:57)
at org.testng.Assert.assertTrue(Assert.java:67)
at tests.RegisterTest.verifyRegisteringAccountUsingPasswordsWhichAreNotFollowingPasswordComplexityStandards(RegisterTest.java:608)
at java.base/jdk.internal.reflect.DirectMethodHandleAccessor.invoke(DirectMethodHandleAccessor.java:103)
at java.base/java.lang.reflect.Method.invoke(Method.java:580)
at org.testng.internal.invokers.MethodInvocationHelper.invokeMethod(MethodInvocationHelper.java:141)
at org.testng.internal.invokers.TestInvoker.invokeMethod(TestInvoker.java:686)
at org.testng.internal.invokers.TestInvoker.invokeTestMethod(TestInvoker.java:230)
at org.testng.internal.invokers.MethodRunner.runInSequence(MethodRunner.java:63)
at org.testng.internal.invokers.TestInvoker$MethodInvocationAgent.invoke(TestInvoker.java:992)
at org.testng.internal.invokers.TestInvoker.invokeTestMethods(TestInvoker.java:203)
at org.testng.internal.invokers.TestMethodWorker.invokeTestMethods(TestMethodWorker.java:154)
at org.testng.internal.invokers.TestMethodWorker.run(TestMethodWorker.java:134)
at java.base/java.util.ArrayList.forEach(ArrayList.java:1596)
at org.testng.TestRunner.privateRun(TestRunner.java:739)
at org.testng.TestRunner.run(TestRunner.java:614)
at org.testng.SuiteRunner.runTest(SuiteRunner.java:421)
at org.testng.SuiteRunner.runSequentially(SuiteRunner.java:413)
at org.testng.SuiteRunner.privateRun(SuiteRunner.java:373)
at org.testng.SuiteRunner.run(SuiteRunner.java:312)
at org.testng.SuiteRunnerWorker.runSuite(SuiteRunnerWorker.java:52)
at org.testng.SuiteRunnerWorker.run(SuiteRunnerWorker.java:95)
at org.testng.TestNG.runSuitesSequentially(TestNG.java:1274)
at org.testng.TestNG.runSuitesLocally(TestNG.java:1208)
at org.testng.TestNG.runSuites(TestNG.java:1112)
at org.testng.TestNG.run(TestNG.java:1079)
at org.apache.maven.surefire.testng.TestNGExecutor.run(TestNGExecutor.java:308)
at org.apache.maven.surefire.testng.TestNGXmlTestSuite.execute(TestNGXmlTestSuite.java:71)
at org.apache.maven.surefire.testng.TestNGProvider.invoke(TestNGProvider.java:113)
at org.apache.maven.surefire.booter.ForkedBooter.runSuitesInProcess(ForkedBooter.java:385)
at org.apache.maven.surefire.booter.ForkedBooter.execute(ForkedBooter.java:162)
at org.apache.maven.surefire.booter.ForkedBooter.run(ForkedBooter.java:507)
at org.apache.maven.surefire.booter.ForkedBooter.main(ForkedBooter.java:495)
]]>
            </full-stacktrace>
          </exception> <!-- java.lang.AssertionError -->
          <reporter-output>
          </reporter-output>
        </test-method> <!-- verifyRegisteringAccountUsingPasswordsWhichAreNotFollowingPasswordComplexityStandards -->
        <test-method is-config="true" signature="teardown()[pri:0, instance:tests.RegisterTest@4efbca5a]" started-at="2025-04-06T12:09:59 IST" name="teardown" finished-at="2025-04-06T12:09:59 IST" duration-ms="335" status="PASS">
          <reporter-output>
          </reporter-output>
        </test-method> <!-- teardown -->
        <test-method is-config="true" signature="setup()[pri:0, instance:tests.RegisterTest@4efbca5a]" started-at="2025-04-06T12:09:59 IST" name="setup" finished-at="2025-04-06T12:10:06 IST" duration-ms="6596" status="PASS">
          <reporter-output>
          </reporter-output>
        </test-method> <!-- setup -->
        <test-method signature="verifyHeightWidthNumberOfCharacters()[pri:18, instance:tests.RegisterTest@4efbca5a]" started-at="2025-04-06T12:10:06 IST" name="verifyHeightWidthNumberOfCharacters" finished-at="2025-04-06T12:11:02 IST" duration-ms="56449" status="FAIL">
          <exception class="java.lang.AssertionError">
            <message>
              <![CDATA[expected [true] but found [false]]]>
            </message>
            <full-stacktrace>
              <![CDATA[java.lang.AssertionError: expected [true] but found [false]
at org.testng.Assert.fail(Assert.java:111)
at org.testng.Assert.failNotEquals(Assert.java:1578)
at org.testng.Assert.assertTrue(Assert.java:57)
at org.testng.Assert.assertTrue(Assert.java:67)
at tests.RegisterTest.verifyHeightWidthNumberOfCharacters(RegisterTest.java:781)
at java.base/jdk.internal.reflect.DirectMethodHandleAccessor.invoke(DirectMethodHandleAccessor.java:103)
at java.base/java.lang.reflect.Method.invoke(Method.java:580)
at org.testng.internal.invokers.MethodInvocationHelper.invokeMethod(MethodInvocationHelper.java:141)
at org.testng.internal.invokers.TestInvoker.invokeMethod(TestInvoker.java:686)
at org.testng.internal.invokers.TestInvoker.invokeTestMethod(TestInvoker.java:230)
at org.testng.internal.invokers.MethodRunner.runInSequence(MethodRunner.java:63)
at org.testng.internal.invokers.TestInvoker$MethodInvocationAgent.invoke(TestInvoker.java:992)
at org.testng.internal.invokers.TestInvoker.invokeTestMethods(TestInvoker.java:203)
at org.testng.internal.invokers.TestMethodWorker.invokeTestMethods(TestMethodWorker.java:154)
at org.testng.internal.invokers.TestMethodWorker.run(TestMethodWorker.java:134)
at java.base/java.util.ArrayList.forEach(ArrayList.java:1596)
at org.testng.TestRunner.privateRun(TestRunner.java:739)
at org.testng.TestRunner.run(TestRunner.java:614)
at org.testng.SuiteRunner.runTest(SuiteRunner.java:421)
at org.testng.SuiteRunner.runSequentially(SuiteRunner.java:413)
at org.testng.SuiteRunner.privateRun(SuiteRunner.java:373)
at org.testng.SuiteRunner.run(SuiteRunner.java:312)
at org.testng.SuiteRunnerWorker.runSuite(SuiteRunnerWorker.java:52)
at org.testng.SuiteRunnerWorker.run(SuiteRunnerWorker.java:95)
at org.testng.TestNG.runSuitesSequentially(TestNG.java:1274)
at org.testng.TestNG.runSuitesLocally(TestNG.java:1208)
at org.testng.TestNG.runSuites(TestNG.java:1112)
at org.testng.TestNG.run(TestNG.java:1079)
at org.apache.maven.surefire.testng.TestNGExecutor.run(TestNGExecutor.java:308)
at org.apache.maven.surefire.testng.TestNGXmlTestSuite.execute(TestNGXmlTestSuite.java:71)
at org.apache.maven.surefire.testng.TestNGProvider.invoke(TestNGProvider.java:113)
at org.apache.maven.surefire.booter.ForkedBooter.runSuitesInProcess(ForkedBooter.java:385)
at org.apache.maven.surefire.booter.ForkedBooter.execute(ForkedBooter.java:162)
at org.apache.maven.surefire.booter.ForkedBooter.run(ForkedBooter.java:507)
at org.apache.maven.surefire.booter.ForkedBooter.main(ForkedBooter.java:495)
]]>
            </full-stacktrace>
          </exception> <!-- java.lang.AssertionError -->
          <reporter-output>
          </reporter-output>
        </test-method> <!-- verifyHeightWidthNumberOfCharacters -->
        <test-method is-config="true" signature="teardown()[pri:0, instance:tests.RegisterTest@4efbca5a]" started-at="2025-04-06T12:11:02 IST" name="teardown" finished-at="2025-04-06T12:11:03 IST" duration-ms="402" status="PASS">
          <reporter-output>
          </reporter-output>
        </test-method> <!-- teardown -->
        <test-method is-config="true" signature="setup()[pri:0, instance:tests.RegisterTest@4efbca5a]" started-at="2025-04-06T12:11:03 IST" name="setup" finished-at="2025-04-06T12:11:09 IST" duration-ms="5863" status="PASS">
          <reporter-output>
          </reporter-output>
        </test-method> <!-- setup -->
        <test-method signature="verifyRegisterAccountUsingLeadingAndTrailingSpaces()[pri:19, instance:tests.RegisterTest@4efbca5a]" started-at="2025-04-06T12:11:09 IST" name="verifyRegisterAccountUsingLeadingAndTrailingSpaces" finished-at="2025-04-06T12:11:15 IST" duration-ms="6329" status="FAIL">
          <exception class="java.lang.AssertionError">
            <message>
              <![CDATA[The following asserts failed:
expected [Arun] but found [     Arun     ],
expected [Motoori] but found [     Motoori     ],
expected [1234567890] but found [     1234567890     ]]]>
            </message>
            <full-stacktrace>
              <![CDATA[java.lang.AssertionError: The following asserts failed:
expected [Arun] but found [     Arun     ],
expected [Motoori] but found [     Motoori     ],
expected [1234567890] but found [     1234567890     ]
at org.testng.asserts.SoftAssert.assertAll(SoftAssert.java:46)
at org.testng.asserts.SoftAssert.assertAll(SoftAssert.java:30)
at tests.RegisterTest.verifyRegisterAccountUsingLeadingAndTrailingSpaces(RegisterTest.java:831)
at java.base/jdk.internal.reflect.DirectMethodHandleAccessor.invoke(DirectMethodHandleAccessor.java:103)
at java.base/java.lang.reflect.Method.invoke(Method.java:580)
at org.testng.internal.invokers.MethodInvocationHelper.invokeMethod(MethodInvocationHelper.java:141)
at org.testng.internal.invokers.TestInvoker.invokeMethod(TestInvoker.java:686)
at org.testng.internal.invokers.TestInvoker.invokeTestMethod(TestInvoker.java:230)
at org.testng.internal.invokers.MethodRunner.runInSequence(MethodRunner.java:63)
at org.testng.internal.invokers.TestInvoker$MethodInvocationAgent.invoke(TestInvoker.java:992)
at org.testng.internal.invokers.TestInvoker.invokeTestMethods(TestInvoker.java:203)
at org.testng.internal.invokers.TestMethodWorker.invokeTestMethods(TestMethodWorker.java:154)
at org.testng.internal.invokers.TestMethodWorker.run(TestMethodWorker.java:134)
at java.base/java.util.ArrayList.forEach(ArrayList.java:1596)
at org.testng.TestRunner.privateRun(TestRunner.java:739)
at org.testng.TestRunner.run(TestRunner.java:614)
at org.testng.SuiteRunner.runTest(SuiteRunner.java:421)
at org.testng.SuiteRunner.runSequentially(SuiteRunner.java:413)
at org.testng.SuiteRunner.privateRun(SuiteRunner.java:373)
at org.testng.SuiteRunner.run(SuiteRunner.java:312)
at org.testng.SuiteRunnerWorker.runSuite(SuiteRunnerWorker.java:52)
at org.testng.SuiteRunnerWorker.run(SuiteRunnerWorker.java:95)
at org.testng.TestNG.runSuitesSequentially(TestNG.java:1274)
at org.testng.TestNG.runSuitesLocally(TestNG.java:1208)
at org.testng.TestNG.runSuites(TestNG.java:1112)
at org.testng.TestNG.run(TestNG.java:1079)
at org.apache.maven.surefire.testng.TestNGExecutor.run(TestNGExecutor.java:308)
at org.apache.maven.surefire.testng.TestNGXmlTestSuite.execute(TestNGXmlTestSuite.java:71)
at org.apache.maven.surefire.testng.TestNGProvider.invoke(TestNGProvider.java:113)
at org.apache.maven.surefire.booter.ForkedBooter.runSuitesInProcess(ForkedBooter.java:385)
at org.apache.maven.surefire.booter.ForkedBooter.execute(ForkedBooter.java:162)
at org.apache.maven.surefire.booter.ForkedBooter.run(ForkedBooter.java:507)
at org.apache.maven.surefire.booter.ForkedBooter.main(ForkedBooter.java:495)
]]>
            </full-stacktrace>
          </exception> <!-- java.lang.AssertionError -->
          <reporter-output>
          </reporter-output>
        </test-method> <!-- verifyRegisterAccountUsingLeadingAndTrailingSpaces -->
        <test-method is-config="true" signature="teardown()[pri:0, instance:tests.RegisterTest@4efbca5a]" started-at="2025-04-06T12:11:15 IST" name="teardown" finished-at="2025-04-06T12:11:16 IST" duration-ms="343" status="PASS">
          <reporter-output>
          </reporter-output>
        </test-method> <!-- teardown -->
        <test-method is-config="true" signature="setup()[pri:0, instance:tests.RegisterTest@4efbca5a]" started-at="2025-04-06T12:11:16 IST" name="setup" finished-at="2025-04-06T12:11:21 IST" duration-ms="5713" status="PASS">
          <reporter-output>
          </reporter-output>
        </test-method> <!-- setup -->
        <test-method signature="verifyRegisterAccountPrivacyPolicyField()[pri:20, instance:tests.RegisterTest@4efbca5a]" started-at="2025-04-06T12:11:21 IST" name="verifyRegisterAccountPrivacyPolicyField" finished-at="2025-04-06T12:11:21 IST" duration-ms="91" status="PASS">
          <reporter-output>
          </reporter-output>
        </test-method> <!-- verifyRegisterAccountPrivacyPolicyField -->
        <test-method is-config="true" signature="teardown()[pri:0, instance:tests.RegisterTest@4efbca5a]" started-at="2025-04-06T12:11:21 IST" name="teardown" finished-at="2025-04-06T12:11:22 IST" duration-ms="329" status="PASS">
          <reporter-output>
          </reporter-output>
        </test-method> <!-- teardown -->
        <test-method is-config="true" signature="setup()[pri:0, instance:tests.RegisterTest@4efbca5a]" started-at="2025-04-06T12:11:22 IST" name="setup" finished-at="2025-04-06T12:11:27 IST" duration-ms="5555" status="PASS">
          <reporter-output>
          </reporter-output>
        </test-method> <!-- setup -->
        <test-method signature="verifyRegisteringAccountWithoutSelectingPrivacyPolicyCheckboxField()[pri:21, instance:tests.RegisterTest@4efbca5a]" started-at="2025-04-06T12:11:27 IST" name="verifyRegisteringAccountWithoutSelectingPrivacyPolicyCheckboxField" finished-at="2025-04-06T12:11:31 IST" duration-ms="3377" status="PASS">
          <reporter-output>
          </reporter-output>
        </test-method> <!-- verifyRegisteringAccountWithoutSelectingPrivacyPolicyCheckboxField -->
        <test-method is-config="true" signature="teardown()[pri:0, instance:tests.RegisterTest@4efbca5a]" started-at="2025-04-06T12:11:31 IST" name="teardown" finished-at="2025-04-06T12:11:31 IST" duration-ms="327" status="PASS">
          <reporter-output>
          </reporter-output>
        </test-method> <!-- teardown -->
        <test-method is-config="true" signature="setup()[pri:0, instance:tests.RegisterTest@4efbca5a]" started-at="2025-04-06T12:11:31 IST" name="setup" finished-at="2025-04-06T12:11:37 IST" duration-ms="6157" status="PASS">
          <reporter-output>
          </reporter-output>
        </test-method> <!-- setup -->
        <test-method signature="verifyRegisteringAccountPasswordFieldsForSecurity()[pri:22, instance:tests.RegisterTest@4efbca5a]" started-at="2025-04-06T12:11:37 IST" name="verifyRegisteringAccountPasswordFieldsForSecurity" finished-at="2025-04-06T12:11:37 IST" duration-ms="63" status="PASS">
          <reporter-output>
          </reporter-output>
        </test-method> <!-- verifyRegisteringAccountPasswordFieldsForSecurity -->
        <test-method is-config="true" signature="teardown()[pri:0, instance:tests.RegisterTest@4efbca5a]" started-at="2025-04-06T12:11:37 IST" name="teardown" finished-at="2025-04-06T12:11:37 IST" duration-ms="320" status="PASS">
          <reporter-output>
          </reporter-output>
        </test-method> <!-- teardown -->
        <test-method is-config="true" signature="setup()[pri:0, instance:tests.RegisterTest@4efbca5a]" started-at="2025-04-06T12:11:37 IST" name="setup" finished-at="2025-04-06T12:11:43 IST" duration-ms="5641" status="PASS">
          <reporter-output>
          </reporter-output>
        </test-method> <!-- setup -->
        <test-method signature="verifyRegisterAccountPageNavigations()[pri:23, instance:tests.RegisterTest@4efbca5a]" started-at="2025-04-06T12:11:43 IST" name="verifyRegisterAccountPageNavigations" finished-at="2025-04-06T12:12:20 IST" duration-ms="36401" status="PASS">
          <reporter-output>
          </reporter-output>
        </test-method> <!-- verifyRegisterAccountPageNavigations -->
        <test-method is-config="true" signature="teardown()[pri:0, instance:tests.RegisterTest@4efbca5a]" started-at="2025-04-06T12:12:20 IST" name="teardown" finished-at="2025-04-06T12:12:20 IST" duration-ms="347" status="PASS">
          <reporter-output>
          </reporter-output>
        </test-method> <!-- teardown -->
        <test-method is-config="true" signature="setup()[pri:0, instance:tests.RegisterTest@4efbca5a]" started-at="2025-04-06T12:12:20 IST" name="setup" finished-at="2025-04-06T12:12:26 IST" duration-ms="5823" status="PASS">
          <reporter-output>
          </reporter-output>
        </test-method> <!-- setup -->
        <test-method signature="verifyRegisteringAccountWithoutEnteringConfirmationPassword()[pri:24, instance:tests.RegisterTest@4efbca5a]" started-at="2025-04-06T12:12:26 IST" name="verifyRegisteringAccountWithoutEnteringConfirmationPassword" finished-at="2025-04-06T12:12:29 IST" duration-ms="3309" status="PASS">
          <reporter-output>
          </reporter-output>
        </test-method> <!-- verifyRegisteringAccountWithoutEnteringConfirmationPassword -->
        <test-method is-config="true" signature="teardown()[pri:0, instance:tests.RegisterTest@4efbca5a]" started-at="2025-04-06T12:12:29 IST" name="teardown" finished-at="2025-04-06T12:12:29 IST" duration-ms="326" status="PASS">
          <reporter-output>
          </reporter-output>
        </test-method> <!-- teardown -->
        <test-method is-config="true" signature="setup()[pri:0, instance:tests.RegisterTest@4efbca5a]" started-at="2025-04-06T12:12:29 IST" name="setup" finished-at="2025-04-06T12:12:35 IST" duration-ms="5769" status="PASS">
          <reporter-output>
          </reporter-output>
        </test-method> <!-- setup -->
        <test-method signature="verifyRegisterAccountPageBreadcrumbURLTitleHeading()[pri:25, instance:tests.RegisterTest@4efbca5a]" started-at="2025-04-06T12:12:35 IST" name="verifyRegisterAccountPageBreadcrumbURLTitleHeading" finished-at="2025-04-06T12:12:35 IST" duration-ms="172" status="PASS">
          <reporter-output>
          </reporter-output>
        </test-method> <!-- verifyRegisterAccountPageBreadcrumbURLTitleHeading -->
        <test-method is-config="true" signature="teardown()[pri:0, instance:tests.RegisterTest@4efbca5a]" started-at="2025-04-06T12:12:35 IST" name="teardown" finished-at="2025-04-06T12:12:36 IST" duration-ms="294" status="PASS">
          <reporter-output>
          </reporter-output>
        </test-method> <!-- teardown -->
        <test-method is-config="true" signature="setup()[pri:0, instance:tests.RegisterTest@4efbca5a]" started-at="2025-04-06T12:12:36 IST" name="setup" finished-at="2025-04-06T12:12:42 IST" duration-ms="5951" status="PASS">
          <reporter-output>
          </reporter-output>
        </test-method> <!-- setup -->
        <test-method signature="verifyRegisterAccountUI()[pri:26, instance:tests.RegisterTest@4efbca5a]" started-at="2025-04-06T12:12:42 IST" name="verifyRegisterAccountUI" finished-at="2025-04-06T12:12:42 IST" duration-ms="822" status="PASS">
          <reporter-output>
          </reporter-output>
        </test-method> <!-- verifyRegisterAccountUI -->
        <test-method is-config="true" signature="teardown()[pri:0, instance:tests.RegisterTest@4efbca5a]" started-at="2025-04-06T12:12:42 IST" name="teardown" finished-at="2025-04-06T12:12:43 IST" duration-ms="453" status="PASS">
          <reporter-output>
          </reporter-output>
        </test-method> <!-- teardown -->
        <test-method is-config="true" signature="setup()[pri:0, instance:tests.RegisterTest@4efbca5a]" started-at="2025-04-06T12:12:43 IST" name="setup" finished-at="2025-04-06T12:12:49 IST" duration-ms="6023" status="PASS">
          <reporter-output>
          </reporter-output>
        </test-method> <!-- setup -->
        <test-method signature="verifyRegisterAccountInAllEnvironments()[pri:27, instance:tests.RegisterTest@4efbca5a]" started-at="2025-04-06T12:12:49 IST" name="verifyRegisterAccountInAllEnvironments" finished-at="2025-04-06T12:12:54 IST" duration-ms="4774" status="PASS">
          <reporter-output>
          </reporter-output>
        </test-method> <!-- verifyRegisterAccountInAllEnvironments -->
        <test-method is-config="true" signature="teardown()[pri:0, instance:tests.RegisterTest@4efbca5a]" started-at="2025-04-06T12:12:54 IST" name="teardown" finished-at="2025-04-06T12:12:54 IST" duration-ms="406" status="PASS">
          <reporter-output>
          </reporter-output>
        </test-method> <!-- teardown -->
      </class> <!-- tests.RegisterTest -->
      <class name="tests.LogoutTest">
        <test-method is-config="true" signature="setup()[pri:0, instance:tests.LogoutTest@65fb9ffc]" started-at="2025-04-06T12:16:56 IST" name="setup" finished-at="2025-04-06T12:16:59 IST" duration-ms="3813" status="PASS">
          <reporter-output>
          </reporter-output>
        </test-method> <!-- setup -->
        <test-method signature="verifyLoggingOutUsingMyAccountLogoutOption()[pri:1, instance:tests.LogoutTest@65fb9ffc]" started-at="2025-04-06T12:16:59 IST" name="verifyLoggingOutUsingMyAccountLogoutOption" finished-at="2025-04-06T12:17:06 IST" duration-ms="7039" status="PASS">
          <reporter-output>
          </reporter-output>
        </test-method> <!-- verifyLoggingOutUsingMyAccountLogoutOption -->
        <test-method is-config="true" signature="teardown()[pri:0, instance:tests.LogoutTest@65fb9ffc]" started-at="2025-04-06T12:17:06 IST" name="teardown" finished-at="2025-04-06T12:17:07 IST" duration-ms="709" status="PASS">
          <reporter-output>
          </reporter-output>
        </test-method> <!-- teardown -->
        <test-method is-config="true" signature="setup()[pri:0, instance:tests.LogoutTest@65fb9ffc]" started-at="2025-04-06T12:17:07 IST" name="setup" finished-at="2025-04-06T12:17:12 IST" duration-ms="5040" status="PASS">
          <reporter-output>
          </reporter-output>
        </test-method> <!-- setup -->
        <test-method signature="verifyLoggingOutUsingRightColumnLogoutOption()[pri:2, instance:tests.LogoutTest@65fb9ffc]" started-at="2025-04-06T12:17:12 IST" name="verifyLoggingOutUsingRightColumnLogoutOption" finished-at="2025-04-06T12:17:21 IST" duration-ms="8735" status="PASS">
          <reporter-output>
          </reporter-output>
        </test-method> <!-- verifyLoggingOutUsingRightColumnLogoutOption -->
        <test-method is-config="true" signature="teardown()[pri:0, instance:tests.LogoutTest@65fb9ffc]" started-at="2025-04-06T12:17:21 IST" name="teardown" finished-at="2025-04-06T12:17:21 IST" duration-ms="512" status="PASS">
          <reporter-output>
          </reporter-output>
        </test-method> <!-- teardown -->
        <test-method is-config="true" signature="setup()[pri:0, instance:tests.LogoutTest@65fb9ffc]" started-at="2025-04-06T12:17:21 IST" name="setup" finished-at="2025-04-06T12:17:27 IST" duration-ms="5292" status="PASS">
          <reporter-output>
          </reporter-output>
        </test-method> <!-- setup -->
        <test-method signature="verifyLoggingOutAndBrowsingBack()[pri:3, instance:tests.LogoutTest@65fb9ffc]" started-at="2025-04-06T12:17:27 IST" name="verifyLoggingOutAndBrowsingBack" finished-at="2025-04-06T12:17:33 IST" duration-ms="6680" status="PASS">
          <reporter-output>
          </reporter-output>
        </test-method> <!-- verifyLoggingOutAndBrowsingBack -->
        <test-method is-config="true" signature="teardown()[pri:0, instance:tests.LogoutTest@65fb9ffc]" started-at="2025-04-06T12:17:33 IST" name="teardown" finished-at="2025-04-06T12:17:34 IST" duration-ms="333" status="PASS">
          <reporter-output>
          </reporter-output>
        </test-method> <!-- teardown -->
        <test-method is-config="true" signature="setup()[pri:0, instance:tests.LogoutTest@65fb9ffc]" started-at="2025-04-06T12:17:34 IST" name="setup" finished-at="2025-04-06T12:17:38 IST" duration-ms="4416" status="PASS">
          <reporter-output>
          </reporter-output>
        </test-method> <!-- setup -->
        <test-method signature="verifyNoLogoutOptionBeforeLoginInMyAccountDropMenu()[pri:4, instance:tests.LogoutTest@65fb9ffc]" started-at="2025-04-06T12:17:38 IST" name="verifyNoLogoutOptionBeforeLoginInMyAccountDropMenu" finished-at="2025-04-06T12:17:41 IST" duration-ms="3272" status="PASS">
          <reporter-output>
          </reporter-output>
        </test-method> <!-- verifyNoLogoutOptionBeforeLoginInMyAccountDropMenu -->
        <test-method is-config="true" signature="teardown()[pri:0, instance:tests.LogoutTest@65fb9ffc]" started-at="2025-04-06T12:17:41 IST" name="teardown" finished-at="2025-04-06T12:17:42 IST" duration-ms="335" status="PASS">
          <reporter-output>
          </reporter-output>
        </test-method> <!-- teardown -->
        <test-method is-config="true" signature="setup()[pri:0, instance:tests.LogoutTest@65fb9ffc]" started-at="2025-04-06T12:17:42 IST" name="setup" finished-at="2025-04-06T12:17:46 IST" duration-ms="3849" status="PASS">
          <reporter-output>
          </reporter-output>
        </test-method> <!-- setup -->
        <test-method signature="verifyNoLogoutOptionBeforeLoginInRightColumnOptions()[pri:5, instance:tests.LogoutTest@65fb9ffc]" started-at="2025-04-06T12:17:46 IST" name="verifyNoLogoutOptionBeforeLoginInRightColumnOptions" finished-at="2025-04-06T12:17:50 IST" duration-ms="3975" status="PASS">
          <reporter-output>
          </reporter-output>
        </test-method> <!-- verifyNoLogoutOptionBeforeLoginInRightColumnOptions -->
        <test-method is-config="true" signature="teardown()[pri:0, instance:tests.LogoutTest@65fb9ffc]" started-at="2025-04-06T12:17:50 IST" name="teardown" finished-at="2025-04-06T12:17:50 IST" duration-ms="351" status="PASS">
          <reporter-output>
          </reporter-output>
        </test-method> <!-- teardown -->
        <test-method is-config="true" signature="setup()[pri:0, instance:tests.LogoutTest@65fb9ffc]" started-at="2025-04-06T12:17:50 IST" name="setup" finished-at="2025-04-06T12:17:54 IST" duration-ms="4004" status="PASS">
          <reporter-output>
          </reporter-output>
        </test-method> <!-- setup -->
        <test-method signature="verifyLoginImmediatleyAfterLogout()[pri:6, instance:tests.LogoutTest@65fb9ffc]" started-at="2025-04-06T12:17:54 IST" name="verifyLoginImmediatleyAfterLogout" finished-at="2025-04-06T12:18:04 IST" duration-ms="9690" status="PASS">
          <reporter-output>
          </reporter-output>
        </test-method> <!-- verifyLoginImmediatleyAfterLogout -->
        <test-method is-config="true" signature="teardown()[pri:0, instance:tests.LogoutTest@65fb9ffc]" started-at="2025-04-06T12:18:04 IST" name="teardown" finished-at="2025-04-06T12:18:04 IST" duration-ms="299" status="PASS">
          <reporter-output>
          </reporter-output>
        </test-method> <!-- teardown -->
        <test-method is-config="true" signature="setup()[pri:0, instance:tests.LogoutTest@65fb9ffc]" started-at="2025-04-06T12:18:04 IST" name="setup" finished-at="2025-04-06T12:18:09 IST" duration-ms="4927" status="PASS">
          <reporter-output>
          </reporter-output>
        </test-method> <!-- setup -->
        <test-method signature="verifyBreadcrumbTitleURLAndHeadingOfAccountLogoutPage()[pri:7, instance:tests.LogoutTest@65fb9ffc]" started-at="2025-04-06T12:18:09 IST" name="verifyBreadcrumbTitleURLAndHeadingOfAccountLogoutPage" finished-at="2025-04-06T12:18:15 IST" duration-ms="6233" status="PASS">
          <reporter-output>
          </reporter-output>
        </test-method> <!-- verifyBreadcrumbTitleURLAndHeadingOfAccountLogoutPage -->
        <test-method is-config="true" signature="teardown()[pri:0, instance:tests.LogoutTest@65fb9ffc]" started-at="2025-04-06T12:18:15 IST" name="teardown" finished-at="2025-04-06T12:18:15 IST" duration-ms="336" status="PASS">
          <reporter-output>
          </reporter-output>
        </test-method> <!-- teardown -->
        <test-method is-config="true" signature="setup()[pri:0, instance:tests.LogoutTest@65fb9ffc]" started-at="2025-04-06T12:18:15 IST" name="setup" finished-at="2025-04-06T12:18:20 IST" duration-ms="4545" status="PASS">
          <reporter-output>
          </reporter-output>
        </test-method> <!-- setup -->
        <test-method signature="verifyLogoutUI()[pri:8, instance:tests.LogoutTest@65fb9ffc]" started-at="2025-04-06T12:18:20 IST" name="verifyLogoutUI" finished-at="2025-04-06T12:18:27 IST" duration-ms="7181" status="PASS">
          <reporter-output>
          </reporter-output>
        </test-method> <!-- verifyLogoutUI -->
        <test-method is-config="true" signature="teardown()[pri:0, instance:tests.LogoutTest@65fb9ffc]" started-at="2025-04-06T12:18:27 IST" name="teardown" finished-at="2025-04-06T12:18:27 IST" duration-ms="334" status="PASS">
          <reporter-output>
          </reporter-output>
        </test-method> <!-- teardown -->
        <test-method is-config="true" signature="setup()[pri:0, instance:tests.LogoutTest@65fb9ffc]" started-at="2025-04-06T12:18:27 IST" name="setup" finished-at="2025-04-06T12:18:32 IST" duration-ms="4222" status="PASS">
          <reporter-output>
          </reporter-output>
        </test-method> <!-- setup -->
        <test-method signature="verifyLogoutInAllSupportedEnvironments()[pri:9, instance:tests.LogoutTest@65fb9ffc]" started-at="2025-04-06T12:18:32 IST" name="verifyLogoutInAllSupportedEnvironments" finished-at="2025-04-06T12:18:39 IST" duration-ms="7111" status="PASS">
          <reporter-output>
          </reporter-output>
        </test-method> <!-- verifyLogoutInAllSupportedEnvironments -->
        <test-method is-config="true" signature="teardown()[pri:0, instance:tests.LogoutTest@65fb9ffc]" started-at="2025-04-06T12:18:39 IST" name="teardown" finished-at="2025-04-06T12:18:39 IST" duration-ms="300" status="PASS">
          <reporter-output>
          </reporter-output>
        </test-method> <!-- teardown -->
      </class> <!-- tests.LogoutTest -->
      <class name="tests.SearchTest">
        <test-method is-config="true" signature="setup()[pri:0, instance:tests.SearchTest@3e694b3f]" started-at="2025-04-06T12:18:39 IST" name="setup" finished-at="2025-04-06T12:18:44 IST" duration-ms="4597" status="PASS">
          <reporter-output>
          </reporter-output>
        </test-method> <!-- setup -->
        <test-method signature="verifySearchWithAnExistingProduct()[pri:1, instance:tests.SearchTest@3e694b3f]" started-at="2025-04-06T12:18:44 IST" name="verifySearchWithAnExistingProduct" finished-at="2025-04-06T12:18:45 IST" duration-ms="1264" status="PASS">
          <reporter-output>
          </reporter-output>
        </test-method> <!-- verifySearchWithAnExistingProduct -->
        <test-method is-config="true" signature="teardown()[pri:0, instance:tests.SearchTest@3e694b3f]" started-at="2025-04-06T12:18:45 IST" name="teardown" finished-at="2025-04-06T12:18:45 IST" duration-ms="231" status="PASS">
          <reporter-output>
          </reporter-output>
        </test-method> <!-- teardown -->
        <test-method is-config="true" signature="setup()[pri:0, instance:tests.SearchTest@3e694b3f]" started-at="2025-04-06T12:18:45 IST" name="setup" finished-at="2025-04-06T12:18:49 IST" duration-ms="3859" status="PASS">
          <reporter-output>
          </reporter-output>
        </test-method> <!-- setup -->
        <test-method signature="verifySearchWithANonExistingProduct()[pri:2, instance:tests.SearchTest@3e694b3f]" started-at="2025-04-06T12:18:49 IST" name="verifySearchWithANonExistingProduct" finished-at="2025-04-06T12:18:50 IST" duration-ms="1245" status="PASS">
          <reporter-output>
          </reporter-output>
        </test-method> <!-- verifySearchWithANonExistingProduct -->
        <test-method is-config="true" signature="teardown()[pri:0, instance:tests.SearchTest@3e694b3f]" started-at="2025-04-06T12:18:50 IST" name="teardown" finished-at="2025-04-06T12:18:51 IST" duration-ms="468" status="PASS">
          <reporter-output>
          </reporter-output>
        </test-method> <!-- teardown -->
        <test-method is-config="true" signature="setup()[pri:0, instance:tests.SearchTest@3e694b3f]" started-at="2025-04-06T12:18:51 IST" name="setup" finished-at="2025-04-06T12:18:55 IST" duration-ms="3958" status="PASS">
          <reporter-output>
          </reporter-output>
        </test-method> <!-- setup -->
        <test-method signature="verifySearchWithoutEnterAnyProduct()[pri:3, instance:tests.SearchTest@3e694b3f]" started-at="2025-04-06T12:18:55 IST" name="verifySearchWithoutEnterAnyProduct" finished-at="2025-04-06T12:18:56 IST" duration-ms="785" status="PASS">
          <reporter-output>
          </reporter-output>
        </test-method> <!-- verifySearchWithoutEnterAnyProduct -->
        <test-method is-config="true" signature="teardown()[pri:0, instance:tests.SearchTest@3e694b3f]" started-at="2025-04-06T12:18:56 IST" name="teardown" finished-at="2025-04-06T12:18:56 IST" duration-ms="514" status="PASS">
          <reporter-output>
          </reporter-output>
        </test-method> <!-- teardown -->
        <test-method is-config="true" signature="setup()[pri:0, instance:tests.SearchTest@3e694b3f]" started-at="2025-04-06T12:18:56 IST" name="setup" finished-at="2025-04-06T12:19:01 IST" duration-ms="5351" status="PASS">
          <reporter-output>
          </reporter-output>
        </test-method> <!-- setup -->
        <test-method signature="verifyProductSearchAfterLogin()[pri:4, instance:tests.SearchTest@3e694b3f]" started-at="2025-04-06T12:19:01 IST" name="verifyProductSearchAfterLogin" finished-at="2025-04-06T12:19:06 IST" duration-ms="4590" status="PASS">
          <reporter-output>
          </reporter-output>
        </test-method> <!-- verifyProductSearchAfterLogin -->
        <test-method is-config="true" signature="teardown()[pri:0, instance:tests.SearchTest@3e694b3f]" started-at="2025-04-06T12:19:06 IST" name="teardown" finished-at="2025-04-06T12:19:06 IST" duration-ms="335" status="PASS">
          <reporter-output>
          </reporter-output>
        </test-method> <!-- teardown -->
        <test-method is-config="true" signature="setup()[pri:0, instance:tests.SearchTest@3e694b3f]" started-at="2025-04-06T12:19:06 IST" name="setup" finished-at="2025-04-06T12:19:11 IST" duration-ms="4628" status="PASS">
          <reporter-output>
          </reporter-output>
        </test-method> <!-- setup -->
        <test-method signature="verifyProductSeachResultingMultipleProducts()[pri:5, instance:tests.SearchTest@3e694b3f]" started-at="2025-04-06T12:19:11 IST" name="verifyProductSeachResultingMultipleProducts" finished-at="2025-04-06T12:19:12 IST" duration-ms="1166" status="PASS">
          <reporter-output>
          </reporter-output>
        </test-method> <!-- verifyProductSeachResultingMultipleProducts -->
        <test-method is-config="true" signature="teardown()[pri:0, instance:tests.SearchTest@3e694b3f]" started-at="2025-04-06T12:19:12 IST" name="teardown" finished-at="2025-04-06T12:19:13 IST" duration-ms="469" status="PASS">
          <reporter-output>
          </reporter-output>
        </test-method> <!-- teardown -->
        <test-method is-config="true" signature="setup()[pri:0, instance:tests.SearchTest@3e694b3f]" started-at="2025-04-06T12:19:13 IST" name="setup" finished-at="2025-04-06T12:19:17 IST" duration-ms="4420" status="PASS">
          <reporter-output>
          </reporter-output>
        </test-method> <!-- setup -->
        <test-method signature="verifySearchFunctionalityFielsPlaceHolders()[pri:6, instance:tests.SearchTest@3e694b3f]" started-at="2025-04-06T12:19:17 IST" name="verifySearchFunctionalityFielsPlaceHolders" finished-at="2025-04-06T12:19:18 IST" duration-ms="702" status="PASS">
          <reporter-output>
          </reporter-output>
        </test-method> <!-- verifySearchFunctionalityFielsPlaceHolders -->
        <test-method is-config="true" signature="teardown()[pri:0, instance:tests.SearchTest@3e694b3f]" started-at="2025-04-06T12:19:18 IST" name="teardown" finished-at="2025-04-06T12:19:18 IST" duration-ms="299" status="PASS">
          <reporter-output>
          </reporter-output>
        </test-method> <!-- teardown -->
        <test-method is-config="true" signature="setup()[pri:0, instance:tests.SearchTest@3e694b3f]" started-at="2025-04-06T12:19:18 IST" name="setup" finished-at="2025-04-06T12:19:23 IST" duration-ms="4613" status="PASS">
          <reporter-output>
          </reporter-output>
        </test-method> <!-- setup -->
        <test-method signature="verifySearchFunctionalityUsingSearchCriteriaField()[pri:7, instance:tests.SearchTest@3e694b3f]" started-at="2025-04-06T12:19:23 IST" name="verifySearchFunctionalityUsingSearchCriteriaField" finished-at="2025-04-06T12:19:24 IST" duration-ms="1755" status="PASS">
          <reporter-output>
          </reporter-output>
        </test-method> <!-- verifySearchFunctionalityUsingSearchCriteriaField -->
        <test-method is-config="true" signature="teardown()[pri:0, instance:tests.SearchTest@3e694b3f]" started-at="2025-04-06T12:19:24 IST" name="teardown" finished-at="2025-04-06T12:19:25 IST" duration-ms="267" status="PASS">
          <reporter-output>
          </reporter-output>
        </test-method> <!-- teardown -->
        <test-method is-config="true" signature="setup()[pri:0, instance:tests.SearchTest@3e694b3f]" started-at="2025-04-06T12:19:25 IST" name="setup" finished-at="2025-04-06T12:19:29 IST" duration-ms="4777" status="PASS">
          <reporter-output>
          </reporter-output>
        </test-method> <!-- setup -->
        <test-method signature="verifySearchUsingTextInProductDescription()[pri:8, instance:tests.SearchTest@3e694b3f]" started-at="2025-04-06T12:19:29 IST" name="verifySearchUsingTextInProductDescription" finished-at="2025-04-06T12:19:32 IST" duration-ms="2244" status="PASS">
          <reporter-output>
          </reporter-output>
        </test-method> <!-- verifySearchUsingTextInProductDescription -->
        <test-method is-config="true" signature="teardown()[pri:0, instance:tests.SearchTest@3e694b3f]" started-at="2025-04-06T12:19:32 IST" name="teardown" finished-at="2025-04-06T12:19:32 IST" duration-ms="342" status="PASS">
          <reporter-output>
          </reporter-output>
        </test-method> <!-- teardown -->
        <test-method is-config="true" signature="setup()[pri:0, instance:tests.SearchTest@3e694b3f]" started-at="2025-04-06T12:19:32 IST" name="setup" finished-at="2025-04-06T12:19:36 IST" duration-ms="4368" status="PASS">
          <reporter-output>
          </reporter-output>
        </test-method> <!-- setup -->
        <test-method signature="verifySearchBySelectingTheCategory()[pri:9, instance:tests.SearchTest@3e694b3f]" started-at="2025-04-06T12:19:36 IST" name="verifySearchBySelectingTheCategory" finished-at="2025-04-06T12:19:40 IST" duration-ms="3256" status="PASS">
          <reporter-output>
          </reporter-output>
        </test-method> <!-- verifySearchBySelectingTheCategory -->
        <test-method is-config="true" signature="teardown()[pri:0, instance:tests.SearchTest@3e694b3f]" started-at="2025-04-06T12:19:40 IST" name="teardown" finished-at="2025-04-06T12:19:40 IST" duration-ms="273" status="PASS">
          <reporter-output>
          </reporter-output>
        </test-method> <!-- teardown -->
        <test-method is-config="true" signature="setup()[pri:0, instance:tests.SearchTest@3e694b3f]" started-at="2025-04-06T12:19:40 IST" name="setup" finished-at="2025-04-06T12:19:48 IST" duration-ms="7866" status="PASS">
          <reporter-output>
          </reporter-output>
        </test-method> <!-- setup -->
        <test-method signature="verifySearchBySelectingToSearchInSubCategories()[pri:10, instance:tests.SearchTest@3e694b3f]" started-at="2025-04-06T12:19:48 IST" name="verifySearchBySelectingToSearchInSubCategories" finished-at="2025-04-06T12:19:51 IST" duration-ms="2980" status="PASS">
          <reporter-output>
          </reporter-output>
        </test-method> <!-- verifySearchBySelectingToSearchInSubCategories -->
        <test-method is-config="true" signature="teardown()[pri:0, instance:tests.SearchTest@3e694b3f]" started-at="2025-04-06T12:19:51 IST" name="teardown" finished-at="2025-04-06T12:19:51 IST" duration-ms="357" status="PASS">
          <reporter-output>
          </reporter-output>
        </test-method> <!-- teardown -->
        <test-method is-config="true" signature="setup()[pri:0, instance:tests.SearchTest@3e694b3f]" started-at="2025-04-06T12:19:51 IST" name="setup" finished-at="2025-04-06T12:19:56 IST" duration-ms="4736" status="PASS">
          <reporter-output>
          </reporter-output>
        </test-method> <!-- setup -->
        <test-method signature="verifyListAndGridViewsInSearchResultsPageHavingOneProduct()[pri:11, instance:tests.SearchTest@3e694b3f]" started-at="2025-04-06T12:19:56 IST" name="verifyListAndGridViewsInSearchResultsPageHavingOneProduct" finished-at="2025-04-06T12:20:09 IST" duration-ms="13378" status="PASS">
          <reporter-output>
          </reporter-output>
        </test-method> <!-- verifyListAndGridViewsInSearchResultsPageHavingOneProduct -->
        <test-method is-config="true" signature="teardown()[pri:0, instance:tests.SearchTest@3e694b3f]" started-at="2025-04-06T12:20:09 IST" name="teardown" finished-at="2025-04-06T12:20:10 IST" duration-ms="317" status="PASS">
          <reporter-output>
          </reporter-output>
        </test-method> <!-- teardown -->
        <test-method is-config="true" signature="setup()[pri:0, instance:tests.SearchTest@3e694b3f]" started-at="2025-04-06T12:20:10 IST" name="setup" finished-at="2025-04-06T12:20:14 IST" duration-ms="4635" status="PASS">
          <reporter-output>
          </reporter-output>
        </test-method> <!-- setup -->
        <test-method signature="verifyListAndGridViewsWhenMultipleProductsAreDisplayed()[pri:12, instance:tests.SearchTest@3e694b3f]" started-at="2025-04-06T12:20:14 IST" name="verifyListAndGridViewsWhenMultipleProductsAreDisplayed" finished-at="2025-04-06T12:20:16 IST" duration-ms="1911" status="PASS">
          <reporter-output>
          </reporter-output>
        </test-method> <!-- verifyListAndGridViewsWhenMultipleProductsAreDisplayed -->
        <test-method is-config="true" signature="teardown()[pri:0, instance:tests.SearchTest@3e694b3f]" started-at="2025-04-06T12:20:16 IST" name="teardown" finished-at="2025-04-06T12:20:16 IST" duration-ms="329" status="PASS">
          <reporter-output>
          </reporter-output>
        </test-method> <!-- teardown -->
        <test-method is-config="true" signature="setup()[pri:0, instance:tests.SearchTest@3e694b3f]" started-at="2025-04-06T12:20:16 IST" name="setup" finished-at="2025-04-06T12:20:21 IST" duration-ms="4088" status="PASS">
          <reporter-output>
          </reporter-output>
        </test-method> <!-- setup -->
        <test-method signature="verifyNavigationToProductComparisonPageFromSearchResultsPage()[pri:13, instance:tests.SearchTest@3e694b3f]" started-at="2025-04-06T12:20:21 IST" name="verifyNavigationToProductComparisonPageFromSearchResultsPage" finished-at="2025-04-06T12:20:22 IST" duration-ms="1710" status="PASS">
          <reporter-output>
          </reporter-output>
        </test-method> <!-- verifyNavigationToProductComparisonPageFromSearchResultsPage -->
        <test-method is-config="true" signature="teardown()[pri:0, instance:tests.SearchTest@3e694b3f]" started-at="2025-04-06T12:20:22 IST" name="teardown" finished-at="2025-04-06T12:20:23 IST" duration-ms="361" status="PASS">
          <reporter-output>
          </reporter-output>
        </test-method> <!-- teardown -->
        <test-method is-config="true" signature="setup()[pri:0, instance:tests.SearchTest@3e694b3f]" started-at="2025-04-06T12:20:23 IST" name="setup" finished-at="2025-04-06T12:20:27 IST" duration-ms="4292" status="PASS">
          <reporter-output>
          </reporter-output>
        </test-method> <!-- setup -->
        <test-method signature="verifyAllSortingOptionsInSearchResultsPage()[pri:14, instance:tests.SearchTest@3e694b3f]" started-at="2025-04-06T12:20:27 IST" name="verifyAllSortingOptionsInSearchResultsPage" finished-at="2025-04-06T12:20:28 IST" duration-ms="1470" status="PASS">
          <reporter-output>
          </reporter-output>
        </test-method> <!-- verifyAllSortingOptionsInSearchResultsPage -->
        <test-method is-config="true" signature="teardown()[pri:0, instance:tests.SearchTest@3e694b3f]" started-at="2025-04-06T12:20:28 IST" name="teardown" finished-at="2025-04-06T12:20:29 IST" duration-ms="257" status="PASS">
          <reporter-output>
          </reporter-output>
        </test-method> <!-- teardown -->
        <test-method is-config="true" signature="setup()[pri:0, instance:tests.SearchTest@3e694b3f]" started-at="2025-04-06T12:20:29 IST" name="setup" finished-at="2025-04-06T12:20:33 IST" duration-ms="4162" status="PASS">
          <reporter-output>
          </reporter-output>
        </test-method> <!-- setup -->
        <test-method signature="verifyShowProductsByLimitingCount()[pri:15, instance:tests.SearchTest@3e694b3f]" started-at="2025-04-06T12:20:33 IST" name="verifyShowProductsByLimitingCount" finished-at="2025-04-06T12:20:34 IST" duration-ms="1280" status="FAIL">
          <exception class="java.lang.AssertionError">
            <message>
              <![CDATA[expected [true] but found [false]]]>
            </message>
            <full-stacktrace>
              <![CDATA[java.lang.AssertionError: expected [true] but found [false]
at org.testng.Assert.fail(Assert.java:111)
at org.testng.Assert.failNotEquals(Assert.java:1578)
at org.testng.Assert.assertTrue(Assert.java:57)
at org.testng.Assert.assertTrue(Assert.java:67)
at tests.SearchTest.verifyShowProductsByLimitingCount(SearchTest.java:236)
at java.base/jdk.internal.reflect.DirectMethodHandleAccessor.invoke(DirectMethodHandleAccessor.java:103)
at java.base/java.lang.reflect.Method.invoke(Method.java:580)
at org.testng.internal.invokers.MethodInvocationHelper.invokeMethod(MethodInvocationHelper.java:141)
at org.testng.internal.invokers.TestInvoker.invokeMethod(TestInvoker.java:686)
at org.testng.internal.invokers.TestInvoker.invokeTestMethod(TestInvoker.java:230)
at org.testng.internal.invokers.MethodRunner.runInSequence(MethodRunner.java:63)
at org.testng.internal.invokers.TestInvoker$MethodInvocationAgent.invoke(TestInvoker.java:992)
at org.testng.internal.invokers.TestInvoker.invokeTestMethods(TestInvoker.java:203)
at org.testng.internal.invokers.TestMethodWorker.invokeTestMethods(TestMethodWorker.java:154)
at org.testng.internal.invokers.TestMethodWorker.run(TestMethodWorker.java:134)
at java.base/java.util.ArrayList.forEach(ArrayList.java:1596)
at org.testng.TestRunner.privateRun(TestRunner.java:739)
at org.testng.TestRunner.run(TestRunner.java:614)
at org.testng.SuiteRunner.runTest(SuiteRunner.java:421)
at org.testng.SuiteRunner.runSequentially(SuiteRunner.java:413)
at org.testng.SuiteRunner.privateRun(SuiteRunner.java:373)
at org.testng.SuiteRunner.run(SuiteRunner.java:312)
at org.testng.SuiteRunnerWorker.runSuite(SuiteRunnerWorker.java:52)
at org.testng.SuiteRunnerWorker.run(SuiteRunnerWorker.java:95)
at org.testng.TestNG.runSuitesSequentially(TestNG.java:1274)
at org.testng.TestNG.runSuitesLocally(TestNG.java:1208)
at org.testng.TestNG.runSuites(TestNG.java:1112)
at org.testng.TestNG.run(TestNG.java:1079)
at org.apache.maven.surefire.testng.TestNGExecutor.run(TestNGExecutor.java:308)
at org.apache.maven.surefire.testng.TestNGXmlTestSuite.execute(TestNGXmlTestSuite.java:71)
at org.apache.maven.surefire.testng.TestNGProvider.invoke(TestNGProvider.java:113)
at org.apache.maven.surefire.booter.ForkedBooter.runSuitesInProcess(ForkedBooter.java:385)
at org.apache.maven.surefire.booter.ForkedBooter.execute(ForkedBooter.java:162)
at org.apache.maven.surefire.booter.ForkedBooter.run(ForkedBooter.java:507)
at org.apache.maven.surefire.booter.ForkedBooter.main(ForkedBooter.java:495)
]]>
            </full-stacktrace>
          </exception> <!-- java.lang.AssertionError -->
          <reporter-output>
          </reporter-output>
        </test-method> <!-- verifyShowProductsByLimitingCount -->
        <test-method is-config="true" signature="teardown()[pri:0, instance:tests.SearchTest@3e694b3f]" started-at="2025-04-06T12:20:34 IST" name="teardown" finished-at="2025-04-06T12:20:35 IST" duration-ms="326" status="PASS">
          <reporter-output>
          </reporter-output>
        </test-method> <!-- teardown -->
        <test-method is-config="true" signature="setup()[pri:0, instance:tests.SearchTest@3e694b3f]" started-at="2025-04-06T12:20:35 IST" name="setup" finished-at="2025-04-06T12:20:39 IST" duration-ms="4388" status="PASS">
          <reporter-output>
          </reporter-output>
        </test-method> <!-- setup -->
        <test-method signature="verifyDisplayingOfSearchFieldAndSearchButtonOnAllPagesOfTheApplication()[pri:16, instance:tests.SearchTest@3e694b3f]" started-at="2025-04-06T12:20:39 IST" name="verifyDisplayingOfSearchFieldAndSearchButtonOnAllPagesOfTheApplication" finished-at="2025-04-06T12:21:35 IST" duration-ms="55800" status="PASS">
          <reporter-output>
          </reporter-output>
        </test-method> <!-- verifyDisplayingOfSearchFieldAndSearchButtonOnAllPagesOfTheApplication -->
        <test-method is-config="true" signature="teardown()[pri:0, instance:tests.SearchTest@3e694b3f]" started-at="2025-04-06T12:21:35 IST" name="teardown" finished-at="2025-04-06T12:21:35 IST" duration-ms="356" status="PASS">
          <reporter-output>
          </reporter-output>
        </test-method> <!-- teardown -->
        <test-method is-config="true" signature="setup()[pri:0, instance:tests.SearchTest@3e694b3f]" started-at="2025-04-06T12:21:35 IST" name="setup" finished-at="2025-04-06T12:21:40 IST" duration-ms="4665" status="PASS">
          <reporter-output>
          </reporter-output>
        </test-method> <!-- setup -->
        <test-method signature="verifyNavigatingToSearchPageFromSiteMapPage()[pri:17, instance:tests.SearchTest@3e694b3f]" started-at="2025-04-06T12:21:40 IST" name="verifyNavigatingToSearchPageFromSiteMapPage" finished-at="2025-04-06T12:21:41 IST" duration-ms="1327" status="PASS">
          <reporter-output>
          </reporter-output>
        </test-method> <!-- verifyNavigatingToSearchPageFromSiteMapPage -->
        <test-method is-config="true" signature="teardown()[pri:0, instance:tests.SearchTest@3e694b3f]" started-at="2025-04-06T12:21:41 IST" name="teardown" finished-at="2025-04-06T12:21:42 IST" duration-ms="320" status="PASS">
          <reporter-output>
          </reporter-output>
        </test-method> <!-- teardown -->
        <test-method is-config="true" signature="setup()[pri:0, instance:tests.SearchTest@3e694b3f]" started-at="2025-04-06T12:21:42 IST" name="setup" finished-at="2025-04-06T12:21:46 IST" duration-ms="4070" status="PASS">
          <reporter-output>
          </reporter-output>
        </test-method> <!-- setup -->
        <test-method signature="verifyBreadcrumbOptionInSearchResultsPage()[pri:18, instance:tests.SearchTest@3e694b3f]" started-at="2025-04-06T12:21:46 IST" name="verifyBreadcrumbOptionInSearchResultsPage" finished-at="2025-04-06T12:21:47 IST" duration-ms="1707" status="PASS">
          <reporter-output>
          </reporter-output>
        </test-method> <!-- verifyBreadcrumbOptionInSearchResultsPage -->
        <test-method is-config="true" signature="teardown()[pri:0, instance:tests.SearchTest@3e694b3f]" started-at="2025-04-06T12:21:47 IST" name="teardown" finished-at="2025-04-06T12:21:48 IST" duration-ms="272" status="PASS">
          <reporter-output>
          </reporter-output>
        </test-method> <!-- teardown -->
        <test-method is-config="true" signature="setup()[pri:0, instance:tests.SearchTest@3e694b3f]" started-at="2025-04-06T12:21:48 IST" name="setup" finished-at="2025-04-06T12:21:52 IST" duration-ms="4636" status="PASS">
          <reporter-output>
          </reporter-output>
        </test-method> <!-- setup -->
        <test-method signature="verifyUsingAllOptionsOnSearchResultsPageUsingKeyboardKeys()[pri:19, instance:tests.SearchTest@3e694b3f]" started-at="2025-04-06T12:21:52 IST" name="verifyUsingAllOptionsOnSearchResultsPageUsingKeyboardKeys" finished-at="2025-04-06T12:22:02 IST" duration-ms="9380" status="PASS">
          <reporter-output>
          </reporter-output>
        </test-method> <!-- verifyUsingAllOptionsOnSearchResultsPageUsingKeyboardKeys -->
        <test-method is-config="true" signature="teardown()[pri:0, instance:tests.SearchTest@3e694b3f]" started-at="2025-04-06T12:22:02 IST" name="teardown" finished-at="2025-04-06T12:22:02 IST" duration-ms="248" status="PASS">
          <reporter-output>
          </reporter-output>
        </test-method> <!-- teardown -->
        <test-method is-config="true" signature="setup()[pri:0, instance:tests.SearchTest@3e694b3f]" started-at="2025-04-06T12:22:02 IST" name="setup" finished-at="2025-04-06T12:22:06 IST" duration-ms="4135" status="PASS">
          <reporter-output>
          </reporter-output>
        </test-method> <!-- setup -->
        <test-method signature="verifySearchPageHeadingTitleURL()[pri:20, instance:tests.SearchTest@3e694b3f]" started-at="2025-04-06T12:22:06 IST" name="verifySearchPageHeadingTitleURL" finished-at="2025-04-06T12:22:07 IST" duration-ms="738" status="PASS">
          <reporter-output>
          </reporter-output>
        </test-method> <!-- verifySearchPageHeadingTitleURL -->
        <test-method is-config="true" signature="teardown()[pri:0, instance:tests.SearchTest@3e694b3f]" started-at="2025-04-06T12:22:07 IST" name="teardown" finished-at="2025-04-06T12:22:07 IST" duration-ms="294" status="PASS">
          <reporter-output>
          </reporter-output>
        </test-method> <!-- teardown -->
        <test-method is-config="true" signature="setup()[pri:0, instance:tests.SearchTest@3e694b3f]" started-at="2025-04-06T12:22:07 IST" name="setup" finished-at="2025-04-06T12:22:11 IST" duration-ms="4078" status="PASS">
          <reporter-output>
          </reporter-output>
        </test-method> <!-- setup -->
        <test-method signature="verifySearchPageUI()[pri:21, instance:tests.SearchTest@3e694b3f]" started-at="2025-04-06T12:22:11 IST" name="verifySearchPageUI" finished-at="2025-04-06T12:22:12 IST" duration-ms="1096" status="PASS">
          <reporter-output>
          </reporter-output>
        </test-method> <!-- verifySearchPageUI -->
        <test-method is-config="true" signature="teardown()[pri:0, instance:tests.SearchTest@3e694b3f]" started-at="2025-04-06T12:22:12 IST" name="teardown" finished-at="2025-04-06T12:22:12 IST" duration-ms="233" status="PASS">
          <reporter-output>
          </reporter-output>
        </test-method> <!-- teardown -->
        <test-method is-config="true" signature="setup()[pri:0, instance:tests.SearchTest@3e694b3f]" started-at="2025-04-06T12:22:12 IST" name="setup" finished-at="2025-04-06T12:22:17 IST" duration-ms="4692" status="PASS">
          <reporter-output>
          </reporter-output>
        </test-method> <!-- setup -->
        <test-method signature="verifySearchFunctionalityInAllEnvironments()[pri:22, instance:tests.SearchTest@3e694b3f]" started-at="2025-04-06T12:22:17 IST" name="verifySearchFunctionalityInAllEnvironments" finished-at="2025-04-06T12:22:18 IST" duration-ms="1352" status="PASS">
          <reporter-output>
          </reporter-output>
        </test-method> <!-- verifySearchFunctionalityInAllEnvironments -->
        <test-method is-config="true" signature="teardown()[pri:0, instance:tests.SearchTest@3e694b3f]" started-at="2025-04-06T12:22:18 IST" name="teardown" finished-at="2025-04-06T12:22:19 IST" duration-ms="330" status="PASS">
          <reporter-output>
          </reporter-output>
        </test-method> <!-- teardown -->
      </class> <!-- tests.SearchTest -->
    </test> <!-- Test -->
  </suite> <!-- Suite -->
</testng-results>
